2019-03-24 00:12:48.878  INFO 1365 --- [RMI TCP Connection(2)-127.0.0.1] inMXBeanRegistrar$SpringApplicationAdmin : Application shutdown requested.
2019-03-24 00:12:49.284  INFO 1365 --- [RMI TCP Connection(2)-127.0.0.1] o.s.s.concurrent.ThreadPoolTaskExecutor  : Shutting down ExecutorService 'applicationTaskExecutor'
2019-03-24 00:12:49.395  INFO 1365 --- [RMI TCP Connection(2)-127.0.0.1] j.LocalContainerEntityManagerFactoryBean : Closing JPA EntityManagerFactory for persistence unit 'default'
2019-03-24 00:12:49.533  INFO 1365 --- [RMI TCP Connection(2)-127.0.0.1] com.zaxxer.hikari.HikariDataSource       : HikariPool-1 - Shutdown initiated...
2019-03-24 00:12:49.930  INFO 1365 --- [RMI TCP Connection(2)-127.0.0.1] com.zaxxer.hikari.HikariDataSource       : HikariPool-1 - Shutdown completed.
2019-03-24 00:13:29.058  INFO 1459 --- [restartedMain] com.usa.ri.gov.ies.IesApplication        : Starting IesApplication on sodams-MacBook-Air.local with PID 1459 (/Users/sodampullareddy/Desktop/javaproj/IES-sodam/target/classes started by sodampullareddy in /Users/sodampullareddy/Desktop/javaproj/IES-sodam)
2019-03-24 00:13:29.065 DEBUG 1459 --- [restartedMain] com.usa.ri.gov.ies.IesApplication        : Running with Spring Boot v2.1.3.RELEASE, Spring v5.1.5.RELEASE
2019-03-24 00:13:29.065  INFO 1459 --- [restartedMain] com.usa.ri.gov.ies.IesApplication        : The following profiles are active: dev
2019-03-24 00:13:29.163  INFO 1459 --- [restartedMain] .e.DevToolsPropertyDefaultsPostProcessor : Devtools property defaults active! Set 'spring.devtools.add-properties' to 'false' to disable
2019-03-24 00:13:29.163  INFO 1459 --- [restartedMain] .e.DevToolsPropertyDefaultsPostProcessor : For additional web related logging consider setting the 'logging.level.web' property to 'DEBUG'
2019-03-24 00:13:30.471  INFO 1459 --- [restartedMain] .s.d.r.c.RepositoryConfigurationDelegate : Bootstrapping Spring Data repositories in DEFAULT mode.
2019-03-24 00:13:30.606  INFO 1459 --- [restartedMain] .s.d.r.c.RepositoryConfigurationDelegate : Finished Spring Data repository scanning in 117ms. Found 2 repository interfaces.
2019-03-24 00:13:31.223  INFO 1459 --- [restartedMain] trationDelegate$BeanPostProcessorChecker : Bean 'org.springframework.transaction.annotation.ProxyTransactionManagementConfiguration' of type [org.springframework.transaction.annotation.ProxyTransactionManagementConfiguration$$EnhancerBySpringCGLIB$$eac6b638] is not eligible for getting processed by all BeanPostProcessors (for example: not eligible for auto-proxying)
2019-03-24 00:13:31.876  INFO 1459 --- [restartedMain] o.s.b.w.embedded.tomcat.TomcatWebServer  : Tomcat initialized with port(s): 2121 (http)
2019-03-24 00:13:31.917  INFO 1459 --- [restartedMain] o.apache.catalina.core.StandardService   : Starting service [Tomcat]
2019-03-24 00:13:31.918  INFO 1459 --- [restartedMain] org.apache.catalina.core.StandardEngine  : Starting Servlet engine: [Apache Tomcat/9.0.16]
2019-03-24 00:13:31.932  INFO 1459 --- [restartedMain] o.a.catalina.core.AprLifecycleListener   : The APR based Apache Tomcat Native library which allows optimal performance in production environments was not found on the java.library.path: [/Users/sodampullareddy/Library/Java/Extensions:/Library/Java/Extensions:/Network/Library/Java/Extensions:/System/Library/Java/Extensions:/usr/lib/java:.]
2019-03-24 00:13:32.316  INFO 1459 --- [restartedMain] org.apache.jasper.servlet.TldScanner     : At least one JAR was scanned for TLDs yet contained no TLDs. Enable debug logging for this logger for a complete list of JARs that were scanned but no TLDs were found in them. Skipping unneeded JARs during scanning can improve startup time and JSP compilation time.
2019-03-24 00:13:32.322  INFO 1459 --- [restartedMain] o.a.c.c.C.[Tomcat].[localhost].[/IES]    : Initializing Spring embedded WebApplicationContext
2019-03-24 00:13:32.323  INFO 1459 --- [restartedMain] o.s.web.context.ContextLoader            : Root WebApplicationContext: initialization completed in 3160 ms
2019-03-24 00:13:32.647  INFO 1459 --- [restartedMain] com.zaxxer.hikari.HikariDataSource       : HikariPool-1 - Starting...
2019-03-24 00:13:32.651  WARN 1459 --- [restartedMain] com.zaxxer.hikari.util.DriverDataSource  : Registered driver with driverClassName=com.mysql.jdbc.Driver was not found, trying direct instantiation.
2019-03-24 00:13:33.438  INFO 1459 --- [restartedMain] com.zaxxer.hikari.HikariDataSource       : HikariPool-1 - Start completed.
2019-03-24 00:13:33.528  INFO 1459 --- [restartedMain] o.hibernate.jpa.internal.util.LogHelper  : HHH000204: Processing PersistenceUnitInfo [
	name: default
	...]
2019-03-24 00:13:33.695  INFO 1459 --- [restartedMain] org.hibernate.Version                    : HHH000412: Hibernate Core {5.3.7.Final}
2019-03-24 00:13:33.697  INFO 1459 --- [restartedMain] org.hibernate.cfg.Environment            : HHH000206: hibernate.properties not found
2019-03-24 00:13:34.009  INFO 1459 --- [restartedMain] o.hibernate.annotations.common.Version   : HCANN000001: Hibernate Commons Annotations {5.0.4.Final}
2019-03-24 00:13:34.281  INFO 1459 --- [restartedMain] org.hibernate.dialect.Dialect            : HHH000400: Using dialect: org.hibernate.dialect.MySQL5Dialect
2019-03-24 00:13:35.596  INFO 1459 --- [restartedMain] j.LocalContainerEntityManagerFactoryBean : Initialized JPA EntityManagerFactory for persistence unit 'default'
2019-03-24 00:13:35.674  INFO 1459 --- [restartedMain] o.s.b.d.a.OptionalLiveReloadServer       : LiveReload server is running on port 35729
2019-03-24 00:14:12.135  INFO 1459 --- [restartedMain] o.s.s.concurrent.ThreadPoolTaskExecutor  : Initializing ExecutorService 'applicationTaskExecutor'
2019-03-24 00:14:14.685  WARN 1459 --- [restartedMain] aWebConfiguration$JpaWebMvcConfiguration : spring.jpa.open-in-view is enabled by default. Therefore, database queries may be performed during view rendering. Explicitly configure spring.jpa.open-in-view to disable this warning
2019-03-24 00:14:36.327  INFO 1459 --- [restartedMain] o.s.b.w.embedded.tomcat.TomcatWebServer  : Tomcat started on port(s): 2121 (http) with context path '/IES'
2019-03-24 00:14:36.427  INFO 1459 --- [restartedMain] com.usa.ri.gov.ies.IesApplication        : Started IesApplication in 68.192 seconds (JVM running for 69.973)
2019-03-24 00:14:51.281  INFO 1459 --- [http-nio-2121-exec-1] o.a.c.c.C.[Tomcat].[localhost].[/IES]    : Initializing Spring DispatcherServlet 'dispatcherServlet'
2019-03-24 00:14:51.296  INFO 1459 --- [http-nio-2121-exec-1] o.s.web.servlet.DispatcherServlet        : Initializing Servlet 'dispatcherServlet'
2019-03-24 00:14:52.150  INFO 1459 --- [http-nio-2121-exec-1] o.s.web.servlet.DispatcherServlet        : Completed initialization in 847 ms
2019-03-24 00:14:53.148 DEBUG 1459 --- [http-nio-2121-exec-1] c.u.r.g.i.a.controller.AdminController   : AdminController: viewAppAccounts() started
2019-03-24 00:14:53.156 DEBUG 1459 --- [http-nio-2121-exec-1] c.u.r.g.i.a.s.AppAccountServiceImpl      : AdminServiceImpl: viewlanAccounts() stared
2019-03-24 00:14:54.492  INFO 1459 --- [http-nio-2121-exec-1] o.h.h.i.QueryTranslatorFactoryInitiator  : HHH000397: Using ASTQueryTranslatorFactory
2019-03-24 00:14:59.938  INFO 1459 --- [http-nio-2121-exec-1] c.u.r.g.i.a.s.AppAccountServiceImpl      : AppAccountService: passwordrecovery() executed Successfully
2019-03-24 00:14:59.955 DEBUG 1459 --- [http-nio-2121-exec-1] c.u.r.g.i.a.s.AppAccountServiceImpl      : AdminServiceImpl: viewAppAccounts() ended
2019-03-24 00:14:59.968  INFO 1459 --- [http-nio-2121-exec-1] c.u.r.g.i.a.s.AppAccountServiceImpl      : AdminServiceImpl: viewAppAccounts() executed
2019-03-24 00:14:59.980 DEBUG 1459 --- [http-nio-2121-exec-1] c.u.r.g.i.a.controller.AdminController   : AdminController: viewAppAccounts() ended
2019-03-24 00:14:59.991  INFO 1459 --- [http-nio-2121-exec-1] c.u.r.g.i.a.controller.AdminController   : AdminController: viewAppAccounts() executed
2019-03-24 00:16:40.404  INFO 1459 --- [http-nio-2121-exec-3] c.u.r.g.i.a.controller.AdminController   : AdminController: editAccount() started
2019-03-24 00:16:40.427 DEBUG 1459 --- [http-nio-2121-exec-3] c.u.r.g.i.a.s.AppAccountServiceImpl      : AppAccountServiceImpl: findByAccountId() started
2019-03-24 00:16:41.390 DEBUG 1459 --- [http-nio-2121-exec-3] c.u.r.g.i.a.s.AppAccountServiceImpl      : AppAccountServiceImpl: findByAccountId() ended
2019-03-24 00:16:41.397  INFO 1459 --- [http-nio-2121-exec-3] c.u.r.g.i.a.s.AppAccountServiceImpl      : AppAccountServiceImpl: findByAccountId() executed
2019-03-24 00:16:41.406 DEBUG 1459 --- [http-nio-2121-exec-3] c.u.r.g.i.a.controller.AdminController   : AdminController: editAccount() ended
2019-03-24 00:16:41.411  INFO 1459 --- [http-nio-2121-exec-3] c.u.r.g.i.a.controller.AdminController   : AdminController: editAccount() executed edit form loaded
2019-03-24 00:17:06.462  INFO 1459 --- [http-nio-2121-exec-4] c.u.r.g.i.a.controller.AdminController   : AdminController: editAccount() started
2019-03-24 00:17:06.846 ERROR 1459 --- [http-nio-2121-exec-4] o.a.c.c.C.[.[.[.[dispatcherServlet]      : Servlet.service() for servlet [dispatcherServlet] in context with path [/IES] threw exception [Request processing failed; nested exception is java.lang.NumberFormatException: For input string: "1/uniqueMail"] with root cause

java.lang.NumberFormatException: For input string: "1/uniqueMail"
	at java.lang.NumberFormatException.forInputString(NumberFormatException.java:65) ~[na:1.8.0_60]
	at java.lang.Integer.parseInt(Integer.java:580) ~[na:1.8.0_60]
	at java.lang.Integer.parseInt(Integer.java:615) ~[na:1.8.0_60]
	at com.usa.ri.gov.ies.admin.controller.AdminController.editAccount(AdminController.java:371) ~[classes/:na]
	at sun.reflect.NativeMethodAccessorImpl.invoke0(Native Method) ~[na:1.8.0_60]
	at sun.reflect.NativeMethodAccessorImpl.invoke(NativeMethodAccessorImpl.java:62) ~[na:1.8.0_60]
	at sun.reflect.DelegatingMethodAccessorImpl.invoke(DelegatingMethodAccessorImpl.java:43) ~[na:1.8.0_60]
	at java.lang.reflect.Method.invoke(Method.java:497) ~[na:1.8.0_60]
	at org.springframework.web.method.support.InvocableHandlerMethod.doInvoke(InvocableHandlerMethod.java:189) ~[spring-web-5.1.5.RELEASE.jar:5.1.5.RELEASE]
	at org.springframework.web.method.support.InvocableHandlerMethod.invokeForRequest(InvocableHandlerMethod.java:138) ~[spring-web-5.1.5.RELEASE.jar:5.1.5.RELEASE]
	at org.springframework.web.servlet.mvc.method.annotation.ServletInvocableHandlerMethod.invokeAndHandle(ServletInvocableHandlerMethod.java:102) ~[spring-webmvc-5.1.5.RELEASE.jar:5.1.5.RELEASE]
	at org.springframework.web.servlet.mvc.method.annotation.RequestMappingHandlerAdapter.invokeHandlerMethod(RequestMappingHandlerAdapter.java:895) ~[spring-webmvc-5.1.5.RELEASE.jar:5.1.5.RELEASE]
	at org.springframework.web.servlet.mvc.method.annotation.RequestMappingHandlerAdapter.handleInternal(RequestMappingHandlerAdapter.java:800) ~[spring-webmvc-5.1.5.RELEASE.jar:5.1.5.RELEASE]
	at org.springframework.web.servlet.mvc.method.AbstractHandlerMethodAdapter.handle(AbstractHandlerMethodAdapter.java:87) ~[spring-webmvc-5.1.5.RELEASE.jar:5.1.5.RELEASE]
	at org.springframework.web.servlet.DispatcherServlet.doDispatch(DispatcherServlet.java:1038) ~[spring-webmvc-5.1.5.RELEASE.jar:5.1.5.RELEASE]
	at org.springframework.web.servlet.DispatcherServlet.doService(DispatcherServlet.java:942) ~[spring-webmvc-5.1.5.RELEASE.jar:5.1.5.RELEASE]
	at org.springframework.web.servlet.FrameworkServlet.processRequest(FrameworkServlet.java:1005) ~[spring-webmvc-5.1.5.RELEASE.jar:5.1.5.RELEASE]
	at org.springframework.web.servlet.FrameworkServlet.doGet(FrameworkServlet.java:897) ~[spring-webmvc-5.1.5.RELEASE.jar:5.1.5.RELEASE]
	at javax.servlet.http.HttpServlet.service(HttpServlet.java:634) ~[tomcat-embed-core-9.0.16.jar:9.0.16]
	at org.springframework.web.servlet.FrameworkServlet.service(FrameworkServlet.java:882) ~[spring-webmvc-5.1.5.RELEASE.jar:5.1.5.RELEASE]
	at javax.servlet.http.HttpServlet.service(HttpServlet.java:741) ~[tomcat-embed-core-9.0.16.jar:9.0.16]
	at org.apache.catalina.core.ApplicationFilterChain.internalDoFilter(ApplicationFilterChain.java:231) ~[tomcat-embed-core-9.0.16.jar:9.0.16]
	at org.apache.catalina.core.ApplicationFilterChain.doFilter(ApplicationFilterChain.java:166) ~[tomcat-embed-core-9.0.16.jar:9.0.16]
	at org.apache.tomcat.websocket.server.WsFilter.doFilter(WsFilter.java:53) ~[tomcat-embed-websocket-9.0.16.jar:9.0.16]
	at org.apache.catalina.core.ApplicationFilterChain.internalDoFilter(ApplicationFilterChain.java:193) ~[tomcat-embed-core-9.0.16.jar:9.0.16]
	at org.apache.catalina.core.ApplicationFilterChain.doFilter(ApplicationFilterChain.java:166) ~[tomcat-embed-core-9.0.16.jar:9.0.16]
	at org.springframework.web.filter.RequestContextFilter.doFilterInternal(RequestContextFilter.java:99) ~[spring-web-5.1.5.RELEASE.jar:5.1.5.RELEASE]
	at org.springframework.web.filter.OncePerRequestFilter.doFilter(OncePerRequestFilter.java:107) ~[spring-web-5.1.5.RELEASE.jar:5.1.5.RELEASE]
	at org.apache.catalina.core.ApplicationFilterChain.internalDoFilter(ApplicationFilterChain.java:193) ~[tomcat-embed-core-9.0.16.jar:9.0.16]
	at org.apache.catalina.core.ApplicationFilterChain.doFilter(ApplicationFilterChain.java:166) ~[tomcat-embed-core-9.0.16.jar:9.0.16]
	at org.springframework.web.filter.FormContentFilter.doFilterInternal(FormContentFilter.java:92) ~[spring-web-5.1.5.RELEASE.jar:5.1.5.RELEASE]
	at org.springframework.web.filter.OncePerRequestFilter.doFilter(OncePerRequestFilter.java:107) ~[spring-web-5.1.5.RELEASE.jar:5.1.5.RELEASE]
	at org.apache.catalina.core.ApplicationFilterChain.internalDoFilter(ApplicationFilterChain.java:193) ~[tomcat-embed-core-9.0.16.jar:9.0.16]
	at org.apache.catalina.core.ApplicationFilterChain.doFilter(ApplicationFilterChain.java:166) ~[tomcat-embed-core-9.0.16.jar:9.0.16]
	at org.springframework.web.filter.HiddenHttpMethodFilter.doFilterInternal(HiddenHttpMethodFilter.java:93) ~[spring-web-5.1.5.RELEASE.jar:5.1.5.RELEASE]
	at org.springframework.web.filter.OncePerRequestFilter.doFilter(OncePerRequestFilter.java:107) ~[spring-web-5.1.5.RELEASE.jar:5.1.5.RELEASE]
	at org.apache.catalina.core.ApplicationFilterChain.internalDoFilter(ApplicationFilterChain.java:193) ~[tomcat-embed-core-9.0.16.jar:9.0.16]
	at org.apache.catalina.core.ApplicationFilterChain.doFilter(ApplicationFilterChain.java:166) ~[tomcat-embed-core-9.0.16.jar:9.0.16]
	at org.springframework.web.filter.CharacterEncodingFilter.doFilterInternal(CharacterEncodingFilter.java:200) ~[spring-web-5.1.5.RELEASE.jar:5.1.5.RELEASE]
	at org.springframework.web.filter.OncePerRequestFilter.doFilter(OncePerRequestFilter.java:107) ~[spring-web-5.1.5.RELEASE.jar:5.1.5.RELEASE]
	at org.apache.catalina.core.ApplicationFilterChain.internalDoFilter(ApplicationFilterChain.java:193) ~[tomcat-embed-core-9.0.16.jar:9.0.16]
	at org.apache.catalina.core.ApplicationFilterChain.doFilter(ApplicationFilterChain.java:166) ~[tomcat-embed-core-9.0.16.jar:9.0.16]
	at org.apache.catalina.core.StandardWrapperValve.invoke(StandardWrapperValve.java:200) ~[tomcat-embed-core-9.0.16.jar:9.0.16]
	at org.apache.catalina.core.StandardContextValve.invoke(StandardContextValve.java:96) [tomcat-embed-core-9.0.16.jar:9.0.16]
	at org.apache.catalina.authenticator.AuthenticatorBase.invoke(AuthenticatorBase.java:490) [tomcat-embed-core-9.0.16.jar:9.0.16]
	at org.apache.catalina.core.StandardHostValve.invoke(StandardHostValve.java:139) [tomcat-embed-core-9.0.16.jar:9.0.16]
	at org.apache.catalina.valves.ErrorReportValve.invoke(ErrorReportValve.java:92) [tomcat-embed-core-9.0.16.jar:9.0.16]
	at org.apache.catalina.core.StandardEngineValve.invoke(StandardEngineValve.java:74) [tomcat-embed-core-9.0.16.jar:9.0.16]
	at org.apache.catalina.connector.CoyoteAdapter.service(CoyoteAdapter.java:343) [tomcat-embed-core-9.0.16.jar:9.0.16]
	at org.apache.coyote.http11.Http11Processor.service(Http11Processor.java:408) [tomcat-embed-core-9.0.16.jar:9.0.16]
	at org.apache.coyote.AbstractProcessorLight.process(AbstractProcessorLight.java:66) [tomcat-embed-core-9.0.16.jar:9.0.16]
	at org.apache.coyote.AbstractProtocol$ConnectionHandler.process(AbstractProtocol.java:834) [tomcat-embed-core-9.0.16.jar:9.0.16]
	at org.apache.tomcat.util.net.NioEndpoint$SocketProcessor.doRun(NioEndpoint.java:1415) [tomcat-embed-core-9.0.16.jar:9.0.16]
	at org.apache.tomcat.util.net.SocketProcessorBase.run(SocketProcessorBase.java:49) [tomcat-embed-core-9.0.16.jar:9.0.16]
	at java.util.concurrent.ThreadPoolExecutor.runWorker(ThreadPoolExecutor.java:1142) [na:1.8.0_60]
	at java.util.concurrent.ThreadPoolExecutor$Worker.run(ThreadPoolExecutor.java:617) [na:1.8.0_60]
	at org.apache.tomcat.util.threads.TaskThread$WrappingRunnable.run(TaskThread.java:61) [tomcat-embed-core-9.0.16.jar:9.0.16]
	at java.lang.Thread.run(Thread.java:745) [na:1.8.0_60]

2019-03-24 00:19:44.953 DEBUG 1459 --- [http-nio-2121-exec-6] c.u.r.g.i.a.controller.AdminController   : AdminController: viewAppAccounts() started
2019-03-24 00:19:44.970 DEBUG 1459 --- [http-nio-2121-exec-6] c.u.r.g.i.a.s.AppAccountServiceImpl      : AdminServiceImpl: viewlanAccounts() stared
2019-03-24 00:19:45.704  INFO 1459 --- [http-nio-2121-exec-6] c.u.r.g.i.a.s.AppAccountServiceImpl      : AppAccountService: passwordrecovery() executed Successfully
2019-03-24 00:19:45.710 DEBUG 1459 --- [http-nio-2121-exec-6] c.u.r.g.i.a.s.AppAccountServiceImpl      : AdminServiceImpl: viewAppAccounts() ended
2019-03-24 00:19:45.715  INFO 1459 --- [http-nio-2121-exec-6] c.u.r.g.i.a.s.AppAccountServiceImpl      : AdminServiceImpl: viewAppAccounts() executed
2019-03-24 00:19:45.722 DEBUG 1459 --- [http-nio-2121-exec-6] c.u.r.g.i.a.controller.AdminController   : AdminController: viewAppAccounts() ended
2019-03-24 00:19:45.728  INFO 1459 --- [http-nio-2121-exec-6] c.u.r.g.i.a.controller.AdminController   : AdminController: viewAppAccounts() executed
2019-03-24 00:40:30.281  INFO 1499 --- [restartedMain] com.usa.ri.gov.ies.IesApplication        : Starting IesApplication on sodams-MacBook-Air.local with PID 1499 (/Users/sodampullareddy/Desktop/javaproj/IES-sodam/target/classes started by sodampullareddy in /Users/sodampullareddy/Desktop/javaproj/IES-sodam)
2019-03-24 00:40:30.285 DEBUG 1499 --- [restartedMain] com.usa.ri.gov.ies.IesApplication        : Running with Spring Boot v2.1.3.RELEASE, Spring v5.1.5.RELEASE
2019-03-24 00:40:30.286  INFO 1499 --- [restartedMain] com.usa.ri.gov.ies.IesApplication        : The following profiles are active: dev
2019-03-24 00:40:30.350  INFO 1499 --- [restartedMain] .e.DevToolsPropertyDefaultsPostProcessor : Devtools property defaults active! Set 'spring.devtools.add-properties' to 'false' to disable
2019-03-24 00:40:30.350  INFO 1499 --- [restartedMain] .e.DevToolsPropertyDefaultsPostProcessor : For additional web related logging consider setting the 'logging.level.web' property to 'DEBUG'
2019-03-24 00:40:31.205  INFO 1499 --- [restartedMain] .s.d.r.c.RepositoryConfigurationDelegate : Bootstrapping Spring Data repositories in DEFAULT mode.
2019-03-24 00:40:31.283  INFO 1499 --- [restartedMain] .s.d.r.c.RepositoryConfigurationDelegate : Finished Spring Data repository scanning in 70ms. Found 2 repository interfaces.
2019-03-24 00:40:31.687  INFO 1499 --- [restartedMain] trationDelegate$BeanPostProcessorChecker : Bean 'org.springframework.transaction.annotation.ProxyTransactionManagementConfiguration' of type [org.springframework.transaction.annotation.ProxyTransactionManagementConfiguration$$EnhancerBySpringCGLIB$$9384e62c] is not eligible for getting processed by all BeanPostProcessors (for example: not eligible for auto-proxying)
2019-03-24 00:40:32.062  INFO 1499 --- [restartedMain] o.s.b.w.embedded.tomcat.TomcatWebServer  : Tomcat initialized with port(s): 2121 (http)
2019-03-24 00:40:32.084  INFO 1499 --- [restartedMain] o.apache.catalina.core.StandardService   : Starting service [Tomcat]
2019-03-24 00:40:32.085  INFO 1499 --- [restartedMain] org.apache.catalina.core.StandardEngine  : Starting Servlet engine: [Apache Tomcat/9.0.16]
2019-03-24 00:40:32.093  INFO 1499 --- [restartedMain] o.a.catalina.core.AprLifecycleListener   : The APR based Apache Tomcat Native library which allows optimal performance in production environments was not found on the java.library.path: [/Users/sodampullareddy/Library/Java/Extensions:/Library/Java/Extensions:/Network/Library/Java/Extensions:/System/Library/Java/Extensions:/usr/lib/java:.]
2019-03-24 00:40:32.367  INFO 1499 --- [restartedMain] org.apache.jasper.servlet.TldScanner     : At least one JAR was scanned for TLDs yet contained no TLDs. Enable debug logging for this logger for a complete list of JARs that were scanned but no TLDs were found in them. Skipping unneeded JARs during scanning can improve startup time and JSP compilation time.
2019-03-24 00:40:32.375  INFO 1499 --- [restartedMain] o.a.c.c.C.[Tomcat].[localhost].[/IES]    : Initializing Spring embedded WebApplicationContext
2019-03-24 00:40:32.375  INFO 1499 --- [restartedMain] o.s.web.context.ContextLoader            : Root WebApplicationContext: initialization completed in 2024 ms
2019-03-24 00:40:32.637  INFO 1499 --- [restartedMain] com.zaxxer.hikari.HikariDataSource       : HikariPool-1 - Starting...
2019-03-24 00:40:32.639  WARN 1499 --- [restartedMain] com.zaxxer.hikari.util.DriverDataSource  : Registered driver with driverClassName=com.mysql.jdbc.Driver was not found, trying direct instantiation.
2019-03-24 00:40:33.134  INFO 1499 --- [restartedMain] com.zaxxer.hikari.HikariDataSource       : HikariPool-1 - Start completed.
2019-03-24 00:40:33.180  INFO 1499 --- [restartedMain] o.hibernate.jpa.internal.util.LogHelper  : HHH000204: Processing PersistenceUnitInfo [
	name: default
	...]
2019-03-24 00:40:33.233  INFO 1499 --- [restartedMain] org.hibernate.Version                    : HHH000412: Hibernate Core {5.3.7.Final}
2019-03-24 00:40:33.234  INFO 1499 --- [restartedMain] org.hibernate.cfg.Environment            : HHH000206: hibernate.properties not found
2019-03-24 00:40:33.387  INFO 1499 --- [restartedMain] o.hibernate.annotations.common.Version   : HCANN000001: Hibernate Commons Annotations {5.0.4.Final}
2019-03-24 00:40:33.519  INFO 1499 --- [restartedMain] org.hibernate.dialect.Dialect            : HHH000400: Using dialect: org.hibernate.dialect.MySQL5Dialect
2019-03-24 00:40:34.197  INFO 1499 --- [restartedMain] j.LocalContainerEntityManagerFactoryBean : Initialized JPA EntityManagerFactory for persistence unit 'default'
2019-03-24 00:40:34.259  INFO 1499 --- [restartedMain] o.s.b.d.a.OptionalLiveReloadServer       : LiveReload server is running on port 35729
2019-03-24 00:40:34.949  INFO 1499 --- [restartedMain] o.s.s.concurrent.ThreadPoolTaskExecutor  : Initializing ExecutorService 'applicationTaskExecutor'
2019-03-24 00:40:34.986  WARN 1499 --- [restartedMain] aWebConfiguration$JpaWebMvcConfiguration : spring.jpa.open-in-view is enabled by default. Therefore, database queries may be performed during view rendering. Explicitly configure spring.jpa.open-in-view to disable this warning
2019-03-24 00:40:35.219  INFO 1499 --- [restartedMain] o.s.b.w.embedded.tomcat.TomcatWebServer  : Tomcat started on port(s): 2121 (http) with context path '/IES'
2019-03-24 00:40:35.223  INFO 1499 --- [restartedMain] com.usa.ri.gov.ies.IesApplication        : Started IesApplication in 5.42 seconds (JVM running for 6.305)
2019-03-24 00:40:44.424  INFO 1499 --- [http-nio-2121-exec-1] o.a.c.c.C.[Tomcat].[localhost].[/IES]    : Initializing Spring DispatcherServlet 'dispatcherServlet'
2019-03-24 00:40:44.424  INFO 1499 --- [http-nio-2121-exec-1] o.s.web.servlet.DispatcherServlet        : Initializing Servlet 'dispatcherServlet'
2019-03-24 00:40:44.438  INFO 1499 --- [http-nio-2121-exec-1] o.s.web.servlet.DispatcherServlet        : Completed initialization in 13 ms
2019-03-24 00:40:44.481 DEBUG 1499 --- [http-nio-2121-exec-1] c.u.r.g.i.a.controller.AdminController   : AdminController: appAccountRegForm Started
2019-03-24 00:40:44.482 DEBUG 1499 --- [http-nio-2121-exec-1] c.u.r.g.i.a.controller.AdminController   : AdminController: appAccountRegForm Ended
2019-03-24 00:40:44.482  INFO 1499 --- [http-nio-2121-exec-1] c.u.r.g.i.a.controller.AdminController   : AdminController: Registration Form loaded Sucessfully
2019-03-24 00:41:03.760  INFO 1499 --- [RMI TCP Connection(2)-127.0.0.1] inMXBeanRegistrar$SpringApplicationAdmin : Application shutdown requested.
2019-03-24 00:41:03.765  INFO 1499 --- [RMI TCP Connection(2)-127.0.0.1] o.s.s.concurrent.ThreadPoolTaskExecutor  : Shutting down ExecutorService 'applicationTaskExecutor'
2019-03-24 00:41:03.767  INFO 1499 --- [RMI TCP Connection(2)-127.0.0.1] j.LocalContainerEntityManagerFactoryBean : Closing JPA EntityManagerFactory for persistence unit 'default'
2019-03-24 00:41:03.772  INFO 1499 --- [RMI TCP Connection(2)-127.0.0.1] com.zaxxer.hikari.HikariDataSource       : HikariPool-1 - Shutdown initiated...
2019-03-24 00:41:03.781  INFO 1499 --- [RMI TCP Connection(2)-127.0.0.1] com.zaxxer.hikari.HikariDataSource       : HikariPool-1 - Shutdown completed.
