2019-03-15 00:16:04.651  INFO 720 --- [restartedMain] com.usa.ri.gov.ies.IesApplication        : Starting IesApplication on sodams-MacBook-Air.local with PID 720 (/Users/sodampullareddy/ies/IES/target/classes started by sodampullareddy in /Users/sodampullareddy/ies/IES)
2019-03-15 00:16:04.657 DEBUG 720 --- [restartedMain] com.usa.ri.gov.ies.IesApplication        : Running with Spring Boot v2.1.3.RELEASE, Spring v5.1.5.RELEASE
2019-03-15 00:16:04.657  INFO 720 --- [restartedMain] com.usa.ri.gov.ies.IesApplication        : The following profiles are active: dev
2019-03-15 00:16:04.713  INFO 720 --- [restartedMain] .e.DevToolsPropertyDefaultsPostProcessor : Devtools property defaults active! Set 'spring.devtools.add-properties' to 'false' to disable
2019-03-15 00:16:04.715  INFO 720 --- [restartedMain] .e.DevToolsPropertyDefaultsPostProcessor : For additional web related logging consider setting the 'logging.level.web' property to 'DEBUG'
2019-03-15 00:16:05.685  INFO 720 --- [restartedMain] .s.d.r.c.RepositoryConfigurationDelegate : Bootstrapping Spring Data repositories in DEFAULT mode.
2019-03-15 00:16:05.753  INFO 720 --- [restartedMain] .s.d.r.c.RepositoryConfigurationDelegate : Finished Spring Data repository scanning in 61ms. Found 1 repository interfaces.
2019-03-15 00:16:06.144  INFO 720 --- [restartedMain] trationDelegate$BeanPostProcessorChecker : Bean 'org.springframework.transaction.annotation.ProxyTransactionManagementConfiguration' of type [org.springframework.transaction.annotation.ProxyTransactionManagementConfiguration$$EnhancerBySpringCGLIB$$32f5f0c5] is not eligible for getting processed by all BeanPostProcessors (for example: not eligible for auto-proxying)
2019-03-15 00:16:06.635  INFO 720 --- [restartedMain] o.s.b.w.embedded.tomcat.TomcatWebServer  : Tomcat initialized with port(s): 2121 (http)
2019-03-15 00:16:06.668  INFO 720 --- [restartedMain] o.apache.catalina.core.StandardService   : Starting service [Tomcat]
2019-03-15 00:16:06.669  INFO 720 --- [restartedMain] org.apache.catalina.core.StandardEngine  : Starting Servlet engine: [Apache Tomcat/9.0.16]
2019-03-15 00:16:06.681  INFO 720 --- [restartedMain] o.a.catalina.core.AprLifecycleListener   : The APR based Apache Tomcat Native library which allows optimal performance in production environments was not found on the java.library.path: [/Users/sodampullareddy/Library/Java/Extensions:/Library/Java/Extensions:/Network/Library/Java/Extensions:/System/Library/Java/Extensions:/usr/lib/java:.]
2019-03-15 00:16:06.966  INFO 720 --- [restartedMain] org.apache.jasper.servlet.TldScanner     : At least one JAR was scanned for TLDs yet contained no TLDs. Enable debug logging for this logger for a complete list of JARs that were scanned but no TLDs were found in them. Skipping unneeded JARs during scanning can improve startup time and JSP compilation time.
2019-03-15 00:16:06.971  INFO 720 --- [restartedMain] o.a.c.c.C.[Tomcat].[localhost].[/IES]    : Initializing Spring embedded WebApplicationContext
2019-03-15 00:16:06.971  INFO 720 --- [restartedMain] o.s.web.context.ContextLoader            : Root WebApplicationContext: initialization completed in 2255 ms
2019-03-15 00:16:07.193  INFO 720 --- [restartedMain] com.zaxxer.hikari.HikariDataSource       : HikariPool-1 - Starting...
2019-03-15 00:16:07.194  WARN 720 --- [restartedMain] com.zaxxer.hikari.util.DriverDataSource  : Registered driver with driverClassName=com.mysql.jdbc.Driver was not found, trying direct instantiation.
2019-03-15 00:16:07.943  INFO 720 --- [restartedMain] com.zaxxer.hikari.HikariDataSource       : HikariPool-1 - Start completed.
2019-03-15 00:16:07.996  INFO 720 --- [restartedMain] o.hibernate.jpa.internal.util.LogHelper  : HHH000204: Processing PersistenceUnitInfo [
	name: default
	...]
2019-03-15 00:16:08.060  INFO 720 --- [restartedMain] org.hibernate.Version                    : HHH000412: Hibernate Core {5.3.7.Final}
2019-03-15 00:16:08.062  INFO 720 --- [restartedMain] org.hibernate.cfg.Environment            : HHH000206: hibernate.properties not found
2019-03-15 00:16:08.247  INFO 720 --- [restartedMain] o.hibernate.annotations.common.Version   : HCANN000001: Hibernate Commons Annotations {5.0.4.Final}
2019-03-15 00:16:08.378  INFO 720 --- [restartedMain] org.hibernate.dialect.Dialect            : HHH000400: Using dialect: org.hibernate.dialect.MySQL5Dialect
2019-03-15 00:16:09.834  INFO 720 --- [restartedMain] j.LocalContainerEntityManagerFactoryBean : Initialized JPA EntityManagerFactory for persistence unit 'default'
2019-03-15 00:16:09.893  INFO 720 --- [restartedMain] o.s.b.d.a.OptionalLiveReloadServer       : LiveReload server is running on port 35729
2019-03-15 00:16:10.440  INFO 720 --- [restartedMain] o.s.s.concurrent.ThreadPoolTaskExecutor  : Initializing ExecutorService 'applicationTaskExecutor'
2019-03-15 00:16:10.474  WARN 720 --- [restartedMain] aWebConfiguration$JpaWebMvcConfiguration : spring.jpa.open-in-view is enabled by default. Therefore, database queries may be performed during view rendering. Explicitly configure spring.jpa.open-in-view to disable this warning
2019-03-15 00:16:10.696  INFO 720 --- [restartedMain] o.s.b.w.embedded.tomcat.TomcatWebServer  : Tomcat started on port(s): 2121 (http) with context path '/IES'
2019-03-15 00:16:10.699  INFO 720 --- [restartedMain] com.usa.ri.gov.ies.IesApplication        : Started IesApplication in 6.55 seconds (JVM running for 7.695)
2019-03-15 00:16:53.201  INFO 720 --- [http-nio-2121-exec-2] o.a.c.c.C.[Tomcat].[localhost].[/IES]    : Initializing Spring DispatcherServlet 'dispatcherServlet'
2019-03-15 00:16:53.202  INFO 720 --- [http-nio-2121-exec-2] o.s.web.servlet.DispatcherServlet        : Initializing Servlet 'dispatcherServlet'
2019-03-15 00:16:53.211  INFO 720 --- [http-nio-2121-exec-2] o.s.web.servlet.DispatcherServlet        : Completed initialization in 9 ms
2019-03-15 00:16:53.242 DEBUG 720 --- [http-nio-2121-exec-2] c.u.r.g.i.a.controller.AdminController   : AdminController: appAccountRegForm Started
2019-03-15 00:16:53.243 DEBUG 720 --- [http-nio-2121-exec-2] c.u.r.g.i.a.controller.AdminController   : AdminController: appAccountRegForm Ended
2019-03-15 00:16:53.243  INFO 720 --- [http-nio-2121-exec-2] c.u.r.g.i.a.controller.AdminController   : AdminController: appAccountRegForm executed
2019-03-15 00:16:56.857 DEBUG 720 --- [http-nio-2121-exec-4] c.u.r.g.i.a.controller.AdminController   : AdminController: appAccountRegForm Started
2019-03-15 00:16:56.857 DEBUG 720 --- [http-nio-2121-exec-4] c.u.r.g.i.a.controller.AdminController   : AdminController: appAccountRegForm Ended
2019-03-15 00:16:56.857  INFO 720 --- [http-nio-2121-exec-4] c.u.r.g.i.a.controller.AdminController   : AdminController: appAccountRegForm executed
2019-03-15 00:17:03.746 DEBUG 720 --- [http-nio-2121-exec-5] c.u.r.g.i.a.s.AppAccountServiceImpl      : AdminServiceImpl: registerApplicant method Started
2019-03-15 00:17:03.747  WARN 720 --- [http-nio-2121-exec-5] c.u.r.g.i.a.controller.AdminController   : Registration failed:Target must not be null
2019-03-15 00:17:05.822 DEBUG 720 --- [http-nio-2121-exec-6] c.u.r.g.i.a.s.AppAccountServiceImpl      : AdminServiceImpl: registerApplicant method Started
2019-03-15 00:17:05.823  WARN 720 --- [http-nio-2121-exec-6] c.u.r.g.i.a.controller.AdminController   : Registration failed:Target must not be null
2019-03-15 00:17:14.298  INFO 720 --- [RMI TCP Connection(2)-127.0.0.1] inMXBeanRegistrar$SpringApplicationAdmin : Application shutdown requested.
2019-03-15 00:17:14.321  INFO 720 --- [RMI TCP Connection(2)-127.0.0.1] o.s.s.concurrent.ThreadPoolTaskExecutor  : Shutting down ExecutorService 'applicationTaskExecutor'
2019-03-15 00:17:14.322  INFO 720 --- [RMI TCP Connection(2)-127.0.0.1] j.LocalContainerEntityManagerFactoryBean : Closing JPA EntityManagerFactory for persistence unit 'default'
2019-03-15 00:17:14.327  INFO 720 --- [RMI TCP Connection(2)-127.0.0.1] com.zaxxer.hikari.HikariDataSource       : HikariPool-1 - Shutdown initiated...
2019-03-15 00:17:14.345  INFO 720 --- [RMI TCP Connection(2)-127.0.0.1] com.zaxxer.hikari.HikariDataSource       : HikariPool-1 - Shutdown completed.
2019-03-15 00:54:42.953  INFO 808 --- [restartedMain] com.usa.ri.gov.ies.IesApplication        : Starting IesApplication on sodams-MacBook-Air.local with PID 808 (/Users/sodampullareddy/ies/IES/target/classes started by sodampullareddy in /Users/sodampullareddy/ies/IES)
2019-03-15 00:54:42.957 DEBUG 808 --- [restartedMain] com.usa.ri.gov.ies.IesApplication        : Running with Spring Boot v2.1.3.RELEASE, Spring v5.1.5.RELEASE
2019-03-15 00:54:42.958  INFO 808 --- [restartedMain] com.usa.ri.gov.ies.IesApplication        : The following profiles are active: dev
2019-03-15 00:54:43.037  INFO 808 --- [restartedMain] .e.DevToolsPropertyDefaultsPostProcessor : Devtools property defaults active! Set 'spring.devtools.add-properties' to 'false' to disable
2019-03-15 00:54:43.037  INFO 808 --- [restartedMain] .e.DevToolsPropertyDefaultsPostProcessor : For additional web related logging consider setting the 'logging.level.web' property to 'DEBUG'
2019-03-15 00:54:44.208  INFO 808 --- [restartedMain] .s.d.r.c.RepositoryConfigurationDelegate : Bootstrapping Spring Data repositories in DEFAULT mode.
2019-03-15 00:54:44.380  INFO 808 --- [restartedMain] .s.d.r.c.RepositoryConfigurationDelegate : Finished Spring Data repository scanning in 106ms. Found 1 repository interfaces.
2019-03-15 00:54:44.886  INFO 808 --- [restartedMain] trationDelegate$BeanPostProcessorChecker : Bean 'org.springframework.transaction.annotation.ProxyTransactionManagementConfiguration' of type [org.springframework.transaction.annotation.ProxyTransactionManagementConfiguration$$EnhancerBySpringCGLIB$$8c7a2d05] is not eligible for getting processed by all BeanPostProcessors (for example: not eligible for auto-proxying)
2019-03-15 00:54:45.541  INFO 808 --- [restartedMain] o.s.b.w.embedded.tomcat.TomcatWebServer  : Tomcat initialized with port(s): 2121 (http)
2019-03-15 00:54:45.577  INFO 808 --- [restartedMain] o.apache.catalina.core.StandardService   : Starting service [Tomcat]
2019-03-15 00:54:45.578  INFO 808 --- [restartedMain] org.apache.catalina.core.StandardEngine  : Starting Servlet engine: [Apache Tomcat/9.0.16]
2019-03-15 00:54:45.591  INFO 808 --- [restartedMain] o.a.catalina.core.AprLifecycleListener   : The APR based Apache Tomcat Native library which allows optimal performance in production environments was not found on the java.library.path: [/Users/sodampullareddy/Library/Java/Extensions:/Library/Java/Extensions:/Network/Library/Java/Extensions:/System/Library/Java/Extensions:/usr/lib/java:.]
2019-03-15 00:54:45.866  INFO 808 --- [restartedMain] org.apache.jasper.servlet.TldScanner     : At least one JAR was scanned for TLDs yet contained no TLDs. Enable debug logging for this logger for a complete list of JARs that were scanned but no TLDs were found in them. Skipping unneeded JARs during scanning can improve startup time and JSP compilation time.
2019-03-15 00:54:45.872  INFO 808 --- [restartedMain] o.a.c.c.C.[Tomcat].[localhost].[/IES]    : Initializing Spring embedded WebApplicationContext
2019-03-15 00:54:45.872  INFO 808 --- [restartedMain] o.s.web.context.ContextLoader            : Root WebApplicationContext: initialization completed in 2834 ms
2019-03-15 00:54:46.140  INFO 808 --- [restartedMain] com.zaxxer.hikari.HikariDataSource       : HikariPool-1 - Starting...
2019-03-15 00:54:46.143  WARN 808 --- [restartedMain] com.zaxxer.hikari.util.DriverDataSource  : Registered driver with driverClassName=com.mysql.jdbc.Driver was not found, trying direct instantiation.
2019-03-15 00:54:46.851  INFO 808 --- [restartedMain] com.zaxxer.hikari.HikariDataSource       : HikariPool-1 - Start completed.
2019-03-15 00:54:46.927  INFO 808 --- [restartedMain] o.hibernate.jpa.internal.util.LogHelper  : HHH000204: Processing PersistenceUnitInfo [
	name: default
	...]
2019-03-15 00:54:47.055  INFO 808 --- [restartedMain] org.hibernate.Version                    : HHH000412: Hibernate Core {5.3.7.Final}
2019-03-15 00:54:47.058  INFO 808 --- [restartedMain] org.hibernate.cfg.Environment            : HHH000206: hibernate.properties not found
2019-03-15 00:54:47.309  INFO 808 --- [restartedMain] o.hibernate.annotations.common.Version   : HCANN000001: Hibernate Commons Annotations {5.0.4.Final}
2019-03-15 00:54:47.557  INFO 808 --- [restartedMain] org.hibernate.dialect.Dialect            : HHH000400: Using dialect: org.hibernate.dialect.MySQL5Dialect
2019-03-15 00:54:48.628  INFO 808 --- [restartedMain] j.LocalContainerEntityManagerFactoryBean : Initialized JPA EntityManagerFactory for persistence unit 'default'
2019-03-15 00:54:48.693  INFO 808 --- [restartedMain] o.s.b.d.a.OptionalLiveReloadServer       : LiveReload server is running on port 35729
2019-03-15 00:54:49.373  INFO 808 --- [restartedMain] o.s.s.concurrent.ThreadPoolTaskExecutor  : Initializing ExecutorService 'applicationTaskExecutor'
2019-03-15 00:54:49.434  WARN 808 --- [restartedMain] aWebConfiguration$JpaWebMvcConfiguration : spring.jpa.open-in-view is enabled by default. Therefore, database queries may be performed during view rendering. Explicitly configure spring.jpa.open-in-view to disable this warning
2019-03-15 00:54:49.708  INFO 808 --- [restartedMain] o.s.b.w.embedded.tomcat.TomcatWebServer  : Tomcat started on port(s): 2121 (http) with context path '/IES'
2019-03-15 00:54:49.711  INFO 808 --- [restartedMain] com.usa.ri.gov.ies.IesApplication        : Started IesApplication in 7.392 seconds (JVM running for 8.875)
2019-03-15 00:55:14.459  INFO 808 --- [http-nio-2121-exec-2] o.a.c.c.C.[Tomcat].[localhost].[/IES]    : Initializing Spring DispatcherServlet 'dispatcherServlet'
2019-03-15 00:55:14.460  INFO 808 --- [http-nio-2121-exec-2] o.s.web.servlet.DispatcherServlet        : Initializing Servlet 'dispatcherServlet'
2019-03-15 00:55:14.472  INFO 808 --- [http-nio-2121-exec-2] o.s.web.servlet.DispatcherServlet        : Completed initialization in 12 ms
2019-03-15 00:55:14.507 DEBUG 808 --- [http-nio-2121-exec-2] c.u.r.g.i.a.controller.AdminController   : AdminController: appAccountRegForm Started
2019-03-15 00:55:14.507 DEBUG 808 --- [http-nio-2121-exec-2] c.u.r.g.i.a.controller.AdminController   : AdminController: appAccountRegForm Ended
2019-03-15 00:55:14.508  INFO 808 --- [http-nio-2121-exec-2] c.u.r.g.i.a.controller.AdminController   : AdminController: appAccountRegForm executed
2019-03-15 00:56:20.236 DEBUG 808 --- [http-nio-2121-exec-4] c.u.r.g.i.a.controller.AdminController   : AdminController: appAccountRegForm Started
2019-03-15 00:56:20.237 DEBUG 808 --- [http-nio-2121-exec-4] c.u.r.g.i.a.controller.AdminController   : AdminController: appAccountRegForm Ended
2019-03-15 00:56:20.238  INFO 808 --- [http-nio-2121-exec-4] c.u.r.g.i.a.controller.AdminController   : AdminController: appAccountRegForm executed
2019-03-15 00:59:54.756 DEBUG 808 --- [http-nio-2121-exec-6] c.u.r.g.i.a.controller.AdminController   : AdminController: appAccountRegForm Started
2019-03-15 00:59:54.761 DEBUG 808 --- [http-nio-2121-exec-6] c.u.r.g.i.a.controller.AdminController   : AdminController: appAccountRegForm Ended
2019-03-15 00:59:54.761  INFO 808 --- [http-nio-2121-exec-6] c.u.r.g.i.a.controller.AdminController   : AdminController: appAccountRegForm executed
2019-03-15 01:00:24.705 DEBUG 808 --- [http-nio-2121-exec-7] c.u.r.g.i.a.controller.AdminController   : AdminController: appAccountRegForm Started
2019-03-15 01:00:24.705 DEBUG 808 --- [http-nio-2121-exec-7] c.u.r.g.i.a.controller.AdminController   : AdminController: appAccountRegForm Ended
2019-03-15 01:00:24.706  INFO 808 --- [http-nio-2121-exec-7] c.u.r.g.i.a.controller.AdminController   : AdminController: appAccountRegForm executed
2019-03-15 01:00:56.474 DEBUG 808 --- [http-nio-2121-exec-8] c.u.r.g.i.a.controller.AdminController   : AdminController: appAccountRegForm Started
2019-03-15 01:00:56.474 DEBUG 808 --- [http-nio-2121-exec-8] c.u.r.g.i.a.controller.AdminController   : AdminController: appAccountRegForm Ended
2019-03-15 01:00:56.475  INFO 808 --- [http-nio-2121-exec-8] c.u.r.g.i.a.controller.AdminController   : AdminController: appAccountRegForm executed
2019-03-15 01:01:36.395  INFO 808 --- [Thread-5] o.s.s.concurrent.ThreadPoolTaskExecutor  : Shutting down ExecutorService 'applicationTaskExecutor'
2019-03-15 01:01:36.397  INFO 808 --- [Thread-5] j.LocalContainerEntityManagerFactoryBean : Closing JPA EntityManagerFactory for persistence unit 'default'
2019-03-15 01:01:36.410  INFO 808 --- [Thread-5] com.zaxxer.hikari.HikariDataSource       : HikariPool-1 - Shutdown initiated...
2019-03-15 01:01:36.436  INFO 808 --- [Thread-5] com.zaxxer.hikari.HikariDataSource       : HikariPool-1 - Shutdown completed.
2019-03-15 01:01:37.223  INFO 808 --- [restartedMain] com.usa.ri.gov.ies.IesApplication        : Starting IesApplication on sodams-MacBook-Air.local with PID 808 (/Users/sodampullareddy/ies/IES/target/classes started by sodampullareddy in /Users/sodampullareddy/ies/IES)
2019-03-15 01:01:37.223 DEBUG 808 --- [restartedMain] com.usa.ri.gov.ies.IesApplication        : Running with Spring Boot v2.1.3.RELEASE, Spring v5.1.5.RELEASE
2019-03-15 01:01:37.223  INFO 808 --- [restartedMain] com.usa.ri.gov.ies.IesApplication        : The following profiles are active: dev
2019-03-15 01:01:37.551  INFO 808 --- [restartedMain] .s.d.r.c.RepositoryConfigurationDelegate : Bootstrapping Spring Data repositories in DEFAULT mode.
2019-03-15 01:01:37.567  INFO 808 --- [restartedMain] .s.d.r.c.RepositoryConfigurationDelegate : Finished Spring Data repository scanning in 15ms. Found 1 repository interfaces.
2019-03-15 01:01:37.643  INFO 808 --- [restartedMain] trationDelegate$BeanPostProcessorChecker : Bean 'org.springframework.transaction.annotation.ProxyTransactionManagementConfiguration' of type [org.springframework.transaction.annotation.ProxyTransactionManagementConfiguration$$EnhancerBySpringCGLIB$$8c7a2d05] is not eligible for getting processed by all BeanPostProcessors (for example: not eligible for auto-proxying)
2019-03-15 01:01:37.781  INFO 808 --- [restartedMain] o.s.b.w.embedded.tomcat.TomcatWebServer  : Tomcat initialized with port(s): 2121 (http)
2019-03-15 01:01:37.782  INFO 808 --- [restartedMain] o.apache.catalina.core.StandardService   : Starting service [Tomcat]
2019-03-15 01:01:37.783  INFO 808 --- [restartedMain] org.apache.catalina.core.StandardEngine  : Starting Servlet engine: [Apache Tomcat/9.0.16]
2019-03-15 01:01:37.902  INFO 808 --- [restartedMain] org.apache.jasper.servlet.TldScanner     : At least one JAR was scanned for TLDs yet contained no TLDs. Enable debug logging for this logger for a complete list of JARs that were scanned but no TLDs were found in them. Skipping unneeded JARs during scanning can improve startup time and JSP compilation time.
2019-03-15 01:01:37.904  INFO 808 --- [restartedMain] o.a.c.c.C.[Tomcat].[localhost].[/IES]    : Initializing Spring embedded WebApplicationContext
2019-03-15 01:01:37.904  INFO 808 --- [restartedMain] o.s.web.context.ContextLoader            : Root WebApplicationContext: initialization completed in 678 ms
2019-03-15 01:01:37.992  INFO 808 --- [restartedMain] com.zaxxer.hikari.HikariDataSource       : HikariPool-2 - Starting...
2019-03-15 01:01:37.992  WARN 808 --- [restartedMain] com.zaxxer.hikari.util.DriverDataSource  : Registered driver with driverClassName=com.mysql.jdbc.Driver was not found, trying direct instantiation.
2019-03-15 01:01:38.032  INFO 808 --- [restartedMain] com.zaxxer.hikari.HikariDataSource       : HikariPool-2 - Start completed.
2019-03-15 01:01:38.041  INFO 808 --- [restartedMain] o.hibernate.jpa.internal.util.LogHelper  : HHH000204: Processing PersistenceUnitInfo [
	name: default
	...]
2019-03-15 01:01:38.056  INFO 808 --- [restartedMain] org.hibernate.dialect.Dialect            : HHH000400: Using dialect: org.hibernate.dialect.MySQL5Dialect
2019-03-15 01:01:38.171  INFO 808 --- [restartedMain] j.LocalContainerEntityManagerFactoryBean : Initialized JPA EntityManagerFactory for persistence unit 'default'
2019-03-15 01:01:38.203  INFO 808 --- [restartedMain] o.s.b.d.a.OptionalLiveReloadServer       : LiveReload server is running on port 35729
2019-03-15 01:01:38.410  INFO 808 --- [restartedMain] o.s.s.concurrent.ThreadPoolTaskExecutor  : Initializing ExecutorService 'applicationTaskExecutor'
2019-03-15 01:01:38.418  WARN 808 --- [restartedMain] aWebConfiguration$JpaWebMvcConfiguration : spring.jpa.open-in-view is enabled by default. Therefore, database queries may be performed during view rendering. Explicitly configure spring.jpa.open-in-view to disable this warning
2019-03-15 01:01:38.531  INFO 808 --- [restartedMain] o.s.b.w.embedded.tomcat.TomcatWebServer  : Tomcat started on port(s): 2121 (http) with context path '/IES'
2019-03-15 01:01:38.533  INFO 808 --- [restartedMain] com.usa.ri.gov.ies.IesApplication        : Started IesApplication in 1.518 seconds (JVM running for 417.685)
2019-03-15 01:01:38.538  INFO 808 --- [restartedMain] .ConditionEvaluationDeltaLoggingListener : Condition evaluation unchanged
2019-03-15 01:01:44.101  INFO 808 --- [http-nio-2121-exec-1] o.a.c.c.C.[Tomcat].[localhost].[/IES]    : Initializing Spring DispatcherServlet 'dispatcherServlet'
2019-03-15 01:01:44.103  INFO 808 --- [http-nio-2121-exec-1] o.s.web.servlet.DispatcherServlet        : Initializing Servlet 'dispatcherServlet'
2019-03-15 01:01:44.112  INFO 808 --- [http-nio-2121-exec-1] o.s.web.servlet.DispatcherServlet        : Completed initialization in 9 ms
2019-03-15 01:01:44.115 DEBUG 808 --- [http-nio-2121-exec-1] c.u.r.g.i.a.controller.AdminController   : AdminController: appAccountRegForm Started
2019-03-15 01:01:44.115 DEBUG 808 --- [http-nio-2121-exec-1] c.u.r.g.i.a.controller.AdminController   : AdminController: appAccountRegForm Ended
2019-03-15 01:01:44.115  INFO 808 --- [http-nio-2121-exec-1] c.u.r.g.i.a.controller.AdminController   : AdminController: appAccountRegForm executed
2019-03-15 01:01:48.024 DEBUG 808 --- [http-nio-2121-exec-2] c.u.r.g.i.a.s.AppAccountServiceImpl      : AdminServiceImpl: registerApplicant method Started
2019-03-15 01:01:48.025  WARN 808 --- [http-nio-2121-exec-2] c.u.r.g.i.a.controller.AdminController   : Registration failed:Target must not be null
2019-03-15 01:10:53.211  INFO 808 --- [RMI TCP Connection(2)-127.0.0.1] inMXBeanRegistrar$SpringApplicationAdmin : Application shutdown requested.
2019-03-15 01:10:53.244  INFO 808 --- [RMI TCP Connection(2)-127.0.0.1] o.s.s.concurrent.ThreadPoolTaskExecutor  : Shutting down ExecutorService 'applicationTaskExecutor'
2019-03-15 01:10:53.247  INFO 808 --- [RMI TCP Connection(2)-127.0.0.1] j.LocalContainerEntityManagerFactoryBean : Closing JPA EntityManagerFactory for persistence unit 'default'
2019-03-15 01:10:53.255  INFO 808 --- [RMI TCP Connection(2)-127.0.0.1] com.zaxxer.hikari.HikariDataSource       : HikariPool-2 - Shutdown initiated...
2019-03-15 01:10:53.288  INFO 808 --- [RMI TCP Connection(2)-127.0.0.1] com.zaxxer.hikari.HikariDataSource       : HikariPool-2 - Shutdown completed.
2019-03-15 01:11:01.126  INFO 958 --- [restartedMain] com.usa.ri.gov.ies.IesApplication        : Starting IesApplication on sodams-MacBook-Air.local with PID 958 (/Users/sodampullareddy/ies/IES/target/classes started by sodampullareddy in /Users/sodampullareddy/ies/IES)
2019-03-15 01:11:01.130 DEBUG 958 --- [restartedMain] com.usa.ri.gov.ies.IesApplication        : Running with Spring Boot v2.1.3.RELEASE, Spring v5.1.5.RELEASE
2019-03-15 01:11:01.131  INFO 958 --- [restartedMain] com.usa.ri.gov.ies.IesApplication        : The following profiles are active: dev
2019-03-15 01:11:01.202  INFO 958 --- [restartedMain] .e.DevToolsPropertyDefaultsPostProcessor : Devtools property defaults active! Set 'spring.devtools.add-properties' to 'false' to disable
2019-03-15 01:11:01.202  INFO 958 --- [restartedMain] .e.DevToolsPropertyDefaultsPostProcessor : For additional web related logging consider setting the 'logging.level.web' property to 'DEBUG'
2019-03-15 01:11:02.226  INFO 958 --- [restartedMain] .s.d.r.c.RepositoryConfigurationDelegate : Bootstrapping Spring Data repositories in DEFAULT mode.
2019-03-15 01:11:02.332  INFO 958 --- [restartedMain] .s.d.r.c.RepositoryConfigurationDelegate : Finished Spring Data repository scanning in 90ms. Found 1 repository interfaces.
2019-03-15 01:11:02.801  INFO 958 --- [restartedMain] trationDelegate$BeanPostProcessorChecker : Bean 'org.springframework.transaction.annotation.ProxyTransactionManagementConfiguration' of type [org.springframework.transaction.annotation.ProxyTransactionManagementConfiguration$$EnhancerBySpringCGLIB$$588f9873] is not eligible for getting processed by all BeanPostProcessors (for example: not eligible for auto-proxying)
2019-03-15 01:11:03.401  INFO 958 --- [restartedMain] o.s.b.w.embedded.tomcat.TomcatWebServer  : Tomcat initialized with port(s): 2121 (http)
2019-03-15 01:11:03.439  INFO 958 --- [restartedMain] o.apache.catalina.core.StandardService   : Starting service [Tomcat]
2019-03-15 01:11:03.440  INFO 958 --- [restartedMain] org.apache.catalina.core.StandardEngine  : Starting Servlet engine: [Apache Tomcat/9.0.16]
2019-03-15 01:11:03.455  INFO 958 --- [restartedMain] o.a.catalina.core.AprLifecycleListener   : The APR based Apache Tomcat Native library which allows optimal performance in production environments was not found on the java.library.path: [/Users/sodampullareddy/Library/Java/Extensions:/Library/Java/Extensions:/Network/Library/Java/Extensions:/System/Library/Java/Extensions:/usr/lib/java:.]
2019-03-15 01:11:03.804  INFO 958 --- [restartedMain] org.apache.jasper.servlet.TldScanner     : At least one JAR was scanned for TLDs yet contained no TLDs. Enable debug logging for this logger for a complete list of JARs that were scanned but no TLDs were found in them. Skipping unneeded JARs during scanning can improve startup time and JSP compilation time.
2019-03-15 01:11:03.811  INFO 958 --- [restartedMain] o.a.c.c.C.[Tomcat].[localhost].[/IES]    : Initializing Spring embedded WebApplicationContext
2019-03-15 01:11:03.812  INFO 958 --- [restartedMain] o.s.web.context.ContextLoader            : Root WebApplicationContext: initialization completed in 2609 ms
2019-03-15 01:11:04.094  INFO 958 --- [restartedMain] com.zaxxer.hikari.HikariDataSource       : HikariPool-1 - Starting...
2019-03-15 01:11:04.096  WARN 958 --- [restartedMain] com.zaxxer.hikari.util.DriverDataSource  : Registered driver with driverClassName=com.mysql.jdbc.Driver was not found, trying direct instantiation.
2019-03-15 01:11:04.811  INFO 958 --- [restartedMain] com.zaxxer.hikari.HikariDataSource       : HikariPool-1 - Start completed.
2019-03-15 01:11:04.898  INFO 958 --- [restartedMain] o.hibernate.jpa.internal.util.LogHelper  : HHH000204: Processing PersistenceUnitInfo [
	name: default
	...]
2019-03-15 01:11:05.024  INFO 958 --- [restartedMain] org.hibernate.Version                    : HHH000412: Hibernate Core {5.3.7.Final}
2019-03-15 01:11:05.026  INFO 958 --- [restartedMain] org.hibernate.cfg.Environment            : HHH000206: hibernate.properties not found
2019-03-15 01:11:05.311  INFO 958 --- [restartedMain] o.hibernate.annotations.common.Version   : HCANN000001: Hibernate Commons Annotations {5.0.4.Final}
2019-03-15 01:11:05.543  INFO 958 --- [restartedMain] org.hibernate.dialect.Dialect            : HHH000400: Using dialect: org.hibernate.dialect.MySQL5Dialect
2019-03-15 01:11:06.659  INFO 958 --- [restartedMain] j.LocalContainerEntityManagerFactoryBean : Initialized JPA EntityManagerFactory for persistence unit 'default'
2019-03-15 01:11:06.732  INFO 958 --- [restartedMain] o.s.b.d.a.OptionalLiveReloadServer       : LiveReload server is running on port 35729
2019-03-15 01:11:07.510  INFO 958 --- [restartedMain] o.s.s.concurrent.ThreadPoolTaskExecutor  : Initializing ExecutorService 'applicationTaskExecutor'
2019-03-15 01:11:07.571  WARN 958 --- [restartedMain] aWebConfiguration$JpaWebMvcConfiguration : spring.jpa.open-in-view is enabled by default. Therefore, database queries may be performed during view rendering. Explicitly configure spring.jpa.open-in-view to disable this warning
2019-03-15 01:11:07.854  INFO 958 --- [restartedMain] o.s.b.w.embedded.tomcat.TomcatWebServer  : Tomcat started on port(s): 2121 (http) with context path '/IES'
2019-03-15 01:11:07.857  INFO 958 --- [restartedMain] com.usa.ri.gov.ies.IesApplication        : Started IesApplication in 7.36 seconds (JVM running for 8.86)
2019-03-15 01:11:26.296  INFO 958 --- [http-nio-2121-exec-1] o.a.c.c.C.[Tomcat].[localhost].[/IES]    : Initializing Spring DispatcherServlet 'dispatcherServlet'
2019-03-15 01:11:26.297  INFO 958 --- [http-nio-2121-exec-1] o.s.web.servlet.DispatcherServlet        : Initializing Servlet 'dispatcherServlet'
2019-03-15 01:11:26.311  INFO 958 --- [http-nio-2121-exec-1] o.s.web.servlet.DispatcherServlet        : Completed initialization in 14 ms
2019-03-15 01:11:26.418 DEBUG 958 --- [http-nio-2121-exec-1] c.u.r.g.i.a.s.AppAccountServiceImpl      : AdminServiceImpl: registerApplicant method Started
2019-03-15 01:11:26.419  WARN 958 --- [http-nio-2121-exec-1] c.u.r.g.i.a.controller.AdminController   : Registration failed:Target must not be null
2019-03-15 01:11:49.786 DEBUG 958 --- [http-nio-2121-exec-3] c.u.r.g.i.a.controller.AdminController   : AdminController: appAccountRegForm Started
2019-03-15 01:11:49.787 DEBUG 958 --- [http-nio-2121-exec-3] c.u.r.g.i.a.controller.AdminController   : AdminController: appAccountRegForm Ended
2019-03-15 01:11:49.787  INFO 958 --- [http-nio-2121-exec-3] c.u.r.g.i.a.controller.AdminController   : AdminController: appAccountRegForm executed
2019-03-15 01:11:53.500 DEBUG 958 --- [http-nio-2121-exec-4] c.u.r.g.i.a.s.AppAccountServiceImpl      : AdminServiceImpl: registerApplicant method Started
2019-03-15 01:11:53.500  WARN 958 --- [http-nio-2121-exec-4] c.u.r.g.i.a.controller.AdminController   : Registration failed:Target must not be null
2019-03-15 01:13:26.682  INFO 958 --- [RMI TCP Connection(2)-127.0.0.1] inMXBeanRegistrar$SpringApplicationAdmin : Application shutdown requested.
2019-03-15 01:13:26.691  INFO 958 --- [RMI TCP Connection(2)-127.0.0.1] o.s.s.concurrent.ThreadPoolTaskExecutor  : Shutting down ExecutorService 'applicationTaskExecutor'
2019-03-15 01:13:26.693  INFO 958 --- [RMI TCP Connection(2)-127.0.0.1] j.LocalContainerEntityManagerFactoryBean : Closing JPA EntityManagerFactory for persistence unit 'default'
2019-03-15 01:13:26.703  INFO 958 --- [RMI TCP Connection(2)-127.0.0.1] com.zaxxer.hikari.HikariDataSource       : HikariPool-1 - Shutdown initiated...
2019-03-15 01:13:26.729  INFO 958 --- [RMI TCP Connection(2)-127.0.0.1] com.zaxxer.hikari.HikariDataSource       : HikariPool-1 - Shutdown completed.
2019-03-15 02:39:23.863  INFO 1036 --- [restartedMain] com.usa.ri.gov.ies.IesApplication        : Starting IesApplication on sodams-MacBook-Air.local with PID 1036 (/Users/sodampullareddy/ies/IES/target/classes started by sodampullareddy in /Users/sodampullareddy/ies/IES)
2019-03-15 02:39:23.868 DEBUG 1036 --- [restartedMain] com.usa.ri.gov.ies.IesApplication        : Running with Spring Boot v2.1.3.RELEASE, Spring v5.1.5.RELEASE
2019-03-15 02:39:23.868  INFO 1036 --- [restartedMain] com.usa.ri.gov.ies.IesApplication        : The following profiles are active: dev
2019-03-15 02:39:23.963  INFO 1036 --- [restartedMain] .e.DevToolsPropertyDefaultsPostProcessor : Devtools property defaults active! Set 'spring.devtools.add-properties' to 'false' to disable
2019-03-15 02:39:23.963  INFO 1036 --- [restartedMain] .e.DevToolsPropertyDefaultsPostProcessor : For additional web related logging consider setting the 'logging.level.web' property to 'DEBUG'
2019-03-15 02:39:25.462  INFO 1036 --- [restartedMain] .s.d.r.c.RepositoryConfigurationDelegate : Bootstrapping Spring Data repositories in DEFAULT mode.
2019-03-15 02:39:25.568  INFO 1036 --- [restartedMain] .s.d.r.c.RepositoryConfigurationDelegate : Finished Spring Data repository scanning in 90ms. Found 1 repository interfaces.
2019-03-15 02:39:26.090  INFO 1036 --- [restartedMain] trationDelegate$BeanPostProcessorChecker : Bean 'org.springframework.transaction.annotation.ProxyTransactionManagementConfiguration' of type [org.springframework.transaction.annotation.ProxyTransactionManagementConfiguration$$EnhancerBySpringCGLIB$$f2e16f96] is not eligible for getting processed by all BeanPostProcessors (for example: not eligible for auto-proxying)
2019-03-15 02:39:26.702  INFO 1036 --- [restartedMain] o.s.b.w.embedded.tomcat.TomcatWebServer  : Tomcat initialized with port(s): 2121 (http)
2019-03-15 02:39:26.740  INFO 1036 --- [restartedMain] o.apache.catalina.core.StandardService   : Starting service [Tomcat]
2019-03-15 02:39:26.741  INFO 1036 --- [restartedMain] org.apache.catalina.core.StandardEngine  : Starting Servlet engine: [Apache Tomcat/9.0.16]
2019-03-15 02:39:26.754  INFO 1036 --- [restartedMain] o.a.catalina.core.AprLifecycleListener   : The APR based Apache Tomcat Native library which allows optimal performance in production environments was not found on the java.library.path: [/Users/sodampullareddy/Library/Java/Extensions:/Library/Java/Extensions:/Network/Library/Java/Extensions:/System/Library/Java/Extensions:/usr/lib/java:.]
2019-03-15 02:39:27.071  INFO 1036 --- [restartedMain] org.apache.jasper.servlet.TldScanner     : At least one JAR was scanned for TLDs yet contained no TLDs. Enable debug logging for this logger for a complete list of JARs that were scanned but no TLDs were found in them. Skipping unneeded JARs during scanning can improve startup time and JSP compilation time.
2019-03-15 02:39:27.080  INFO 1036 --- [restartedMain] o.a.c.c.C.[Tomcat].[localhost].[/IES]    : Initializing Spring embedded WebApplicationContext
2019-03-15 02:39:27.080  INFO 1036 --- [restartedMain] o.s.web.context.ContextLoader            : Root WebApplicationContext: initialization completed in 3116 ms
2019-03-15 02:39:27.286  INFO 1036 --- [restartedMain] com.zaxxer.hikari.HikariDataSource       : HikariPool-1 - Starting...
2019-03-15 02:39:27.287  WARN 1036 --- [restartedMain] com.zaxxer.hikari.util.DriverDataSource  : Registered driver with driverClassName=com.mysql.jdbc.Driver was not found, trying direct instantiation.
2019-03-15 02:39:27.831  INFO 1036 --- [restartedMain] com.zaxxer.hikari.HikariDataSource       : HikariPool-1 - Start completed.
2019-03-15 02:39:27.908  INFO 1036 --- [restartedMain] o.hibernate.jpa.internal.util.LogHelper  : HHH000204: Processing PersistenceUnitInfo [
	name: default
	...]
2019-03-15 02:39:28.048  INFO 1036 --- [restartedMain] org.hibernate.Version                    : HHH000412: Hibernate Core {5.3.7.Final}
2019-03-15 02:39:28.050  INFO 1036 --- [restartedMain] org.hibernate.cfg.Environment            : HHH000206: hibernate.properties not found
2019-03-15 02:39:28.276  INFO 1036 --- [restartedMain] o.hibernate.annotations.common.Version   : HCANN000001: Hibernate Commons Annotations {5.0.4.Final}
2019-03-15 02:39:28.520  INFO 1036 --- [restartedMain] org.hibernate.dialect.Dialect            : HHH000400: Using dialect: org.hibernate.dialect.MySQL5Dialect
2019-03-15 02:39:29.571  INFO 1036 --- [restartedMain] j.LocalContainerEntityManagerFactoryBean : Initialized JPA EntityManagerFactory for persistence unit 'default'
2019-03-15 02:39:29.628  INFO 1036 --- [restartedMain] o.s.b.d.a.OptionalLiveReloadServer       : LiveReload server is running on port 35729
2019-03-15 02:39:30.442  INFO 1036 --- [restartedMain] o.s.s.concurrent.ThreadPoolTaskExecutor  : Initializing ExecutorService 'applicationTaskExecutor'
2019-03-15 02:39:30.512  WARN 1036 --- [restartedMain] aWebConfiguration$JpaWebMvcConfiguration : spring.jpa.open-in-view is enabled by default. Therefore, database queries may be performed during view rendering. Explicitly configure spring.jpa.open-in-view to disable this warning
2019-03-15 02:39:30.833  INFO 1036 --- [restartedMain] o.s.b.w.embedded.tomcat.TomcatWebServer  : Tomcat started on port(s): 2121 (http) with context path '/IES'
2019-03-15 02:39:30.837  INFO 1036 --- [restartedMain] com.usa.ri.gov.ies.IesApplication        : Started IesApplication in 7.541 seconds (JVM running for 8.547)
2019-03-15 02:39:40.532  INFO 1036 --- [http-nio-2121-exec-1] o.a.c.c.C.[Tomcat].[localhost].[/IES]    : Initializing Spring DispatcherServlet 'dispatcherServlet'
2019-03-15 02:39:40.533  INFO 1036 --- [http-nio-2121-exec-1] o.s.web.servlet.DispatcherServlet        : Initializing Servlet 'dispatcherServlet'
2019-03-15 02:39:40.544  INFO 1036 --- [http-nio-2121-exec-1] o.s.web.servlet.DispatcherServlet        : Completed initialization in 11 ms
2019-03-15 02:39:40.621 DEBUG 1036 --- [http-nio-2121-exec-1] c.u.r.g.i.a.s.AppAccountServiceImpl      : AdminServiceImpl: registerApplicant method Started
2019-03-15 02:39:40.621  WARN 1036 --- [http-nio-2121-exec-1] c.u.r.g.i.a.controller.AdminController   : Registration failed:Target must not be null
2019-03-15 02:40:16.492 DEBUG 1036 --- [http-nio-2121-exec-4] c.u.r.g.i.a.controller.AdminController   : AdminController: appAccountRegForm Started
2019-03-15 02:40:16.493 DEBUG 1036 --- [http-nio-2121-exec-4] c.u.r.g.i.a.controller.AdminController   : AdminController: appAccountRegForm Ended
2019-03-15 02:40:16.494  INFO 1036 --- [http-nio-2121-exec-4] c.u.r.g.i.a.controller.AdminController   : AdminController: appAccountRegForm executed
2019-03-15 02:40:31.880 DEBUG 1036 --- [http-nio-2121-exec-5] c.u.r.g.i.a.s.AppAccountServiceImpl      : AdminServiceImpl: registerApplicant method Started
2019-03-15 02:40:31.881  WARN 1036 --- [http-nio-2121-exec-5] c.u.r.g.i.a.controller.AdminController   : Registration failed:Target must not be null
2019-03-15 02:41:28.193  INFO 1036 --- [Thread-5] o.s.s.concurrent.ThreadPoolTaskExecutor  : Shutting down ExecutorService 'applicationTaskExecutor'
2019-03-15 02:41:28.199  INFO 1036 --- [Thread-5] j.LocalContainerEntityManagerFactoryBean : Closing JPA EntityManagerFactory for persistence unit 'default'
2019-03-15 02:41:28.218  INFO 1036 --- [Thread-5] com.zaxxer.hikari.HikariDataSource       : HikariPool-1 - Shutdown initiated...
2019-03-15 02:41:28.246  INFO 1036 --- [Thread-5] com.zaxxer.hikari.HikariDataSource       : HikariPool-1 - Shutdown completed.
2019-03-15 02:42:05.678  INFO 1059 --- [restartedMain] com.usa.ri.gov.ies.IesApplication        : Starting IesApplication on sodams-MacBook-Air.local with PID 1059 (/Users/sodampullareddy/ies/IES/target/classes started by sodampullareddy in /Users/sodampullareddy/ies/IES)
2019-03-15 02:42:05.682 DEBUG 1059 --- [restartedMain] com.usa.ri.gov.ies.IesApplication        : Running with Spring Boot v2.1.3.RELEASE, Spring v5.1.5.RELEASE
2019-03-15 02:42:05.682  INFO 1059 --- [restartedMain] com.usa.ri.gov.ies.IesApplication        : The following profiles are active: dev
2019-03-15 02:42:05.745  INFO 1059 --- [restartedMain] .e.DevToolsPropertyDefaultsPostProcessor : Devtools property defaults active! Set 'spring.devtools.add-properties' to 'false' to disable
2019-03-15 02:42:05.746  INFO 1059 --- [restartedMain] .e.DevToolsPropertyDefaultsPostProcessor : For additional web related logging consider setting the 'logging.level.web' property to 'DEBUG'
2019-03-15 02:42:06.804  INFO 1059 --- [restartedMain] .s.d.r.c.RepositoryConfigurationDelegate : Bootstrapping Spring Data repositories in DEFAULT mode.
2019-03-15 02:42:06.884  INFO 1059 --- [restartedMain] .s.d.r.c.RepositoryConfigurationDelegate : Finished Spring Data repository scanning in 72ms. Found 1 repository interfaces.
2019-03-15 02:42:07.378  INFO 1059 --- [restartedMain] trationDelegate$BeanPostProcessorChecker : Bean 'org.springframework.transaction.annotation.ProxyTransactionManagementConfiguration' of type [org.springframework.transaction.annotation.ProxyTransactionManagementConfiguration$$EnhancerBySpringCGLIB$$6c2e2372] is not eligible for getting processed by all BeanPostProcessors (for example: not eligible for auto-proxying)
2019-03-15 02:42:07.818  INFO 1059 --- [restartedMain] o.s.b.w.embedded.tomcat.TomcatWebServer  : Tomcat initialized with port(s): 2121 (http)
2019-03-15 02:42:07.841  INFO 1059 --- [restartedMain] o.apache.catalina.core.StandardService   : Starting service [Tomcat]
2019-03-15 02:42:07.842  INFO 1059 --- [restartedMain] org.apache.catalina.core.StandardEngine  : Starting Servlet engine: [Apache Tomcat/9.0.16]
2019-03-15 02:42:07.850  INFO 1059 --- [restartedMain] o.a.catalina.core.AprLifecycleListener   : The APR based Apache Tomcat Native library which allows optimal performance in production environments was not found on the java.library.path: [/Users/sodampullareddy/Library/Java/Extensions:/Library/Java/Extensions:/Network/Library/Java/Extensions:/System/Library/Java/Extensions:/usr/lib/java:.]
2019-03-15 02:42:08.109  INFO 1059 --- [restartedMain] org.apache.jasper.servlet.TldScanner     : At least one JAR was scanned for TLDs yet contained no TLDs. Enable debug logging for this logger for a complete list of JARs that were scanned but no TLDs were found in them. Skipping unneeded JARs during scanning can improve startup time and JSP compilation time.
2019-03-15 02:42:08.113  INFO 1059 --- [restartedMain] o.a.c.c.C.[Tomcat].[localhost].[/IES]    : Initializing Spring embedded WebApplicationContext
2019-03-15 02:42:08.114  INFO 1059 --- [restartedMain] o.s.web.context.ContextLoader            : Root WebApplicationContext: initialization completed in 2367 ms
2019-03-15 02:42:08.304  INFO 1059 --- [restartedMain] com.zaxxer.hikari.HikariDataSource       : HikariPool-1 - Starting...
2019-03-15 02:42:08.305  WARN 1059 --- [restartedMain] com.zaxxer.hikari.util.DriverDataSource  : Registered driver with driverClassName=com.mysql.jdbc.Driver was not found, trying direct instantiation.
2019-03-15 02:42:08.788  INFO 1059 --- [restartedMain] com.zaxxer.hikari.HikariDataSource       : HikariPool-1 - Start completed.
2019-03-15 02:42:08.836  INFO 1059 --- [restartedMain] o.hibernate.jpa.internal.util.LogHelper  : HHH000204: Processing PersistenceUnitInfo [
	name: default
	...]
2019-03-15 02:42:08.901  INFO 1059 --- [restartedMain] org.hibernate.Version                    : HHH000412: Hibernate Core {5.3.7.Final}
2019-03-15 02:42:08.904  INFO 1059 --- [restartedMain] org.hibernate.cfg.Environment            : HHH000206: hibernate.properties not found
2019-03-15 02:42:09.104  INFO 1059 --- [restartedMain] o.hibernate.annotations.common.Version   : HCANN000001: Hibernate Commons Annotations {5.0.4.Final}
2019-03-15 02:42:09.225  INFO 1059 --- [restartedMain] org.hibernate.dialect.Dialect            : HHH000400: Using dialect: org.hibernate.dialect.MySQL5Dialect
2019-03-15 02:42:09.892  INFO 1059 --- [restartedMain] j.LocalContainerEntityManagerFactoryBean : Initialized JPA EntityManagerFactory for persistence unit 'default'
2019-03-15 02:42:09.951  INFO 1059 --- [restartedMain] o.s.b.d.a.OptionalLiveReloadServer       : LiveReload server is running on port 35729
2019-03-15 02:42:10.567  INFO 1059 --- [restartedMain] o.s.s.concurrent.ThreadPoolTaskExecutor  : Initializing ExecutorService 'applicationTaskExecutor'
2019-03-15 02:42:10.602  WARN 1059 --- [restartedMain] aWebConfiguration$JpaWebMvcConfiguration : spring.jpa.open-in-view is enabled by default. Therefore, database queries may be performed during view rendering. Explicitly configure spring.jpa.open-in-view to disable this warning
2019-03-15 02:42:10.834  INFO 1059 --- [restartedMain] o.s.b.w.embedded.tomcat.TomcatWebServer  : Tomcat started on port(s): 2121 (http) with context path '/IES'
2019-03-15 02:42:10.838  INFO 1059 --- [restartedMain] com.usa.ri.gov.ies.IesApplication        : Started IesApplication in 5.58 seconds (JVM running for 6.271)
2019-03-15 02:42:22.591  INFO 1059 --- [http-nio-2121-exec-2] o.a.c.c.C.[Tomcat].[localhost].[/IES]    : Initializing Spring DispatcherServlet 'dispatcherServlet'
2019-03-15 02:42:22.591  INFO 1059 --- [http-nio-2121-exec-2] o.s.web.servlet.DispatcherServlet        : Initializing Servlet 'dispatcherServlet'
2019-03-15 02:42:22.601  INFO 1059 --- [http-nio-2121-exec-2] o.s.web.servlet.DispatcherServlet        : Completed initialization in 10 ms
2019-03-15 02:42:22.629 DEBUG 1059 --- [http-nio-2121-exec-2] c.u.r.g.i.a.controller.AdminController   : AdminController: appAccountRegForm Started
2019-03-15 02:42:22.630 DEBUG 1059 --- [http-nio-2121-exec-2] c.u.r.g.i.a.controller.AdminController   : AdminController: appAccountRegForm Ended
2019-03-15 02:42:22.630  INFO 1059 --- [http-nio-2121-exec-2] c.u.r.g.i.a.controller.AdminController   : AdminController: appAccountRegForm executed
2019-03-15 02:42:39.720 DEBUG 1059 --- [http-nio-2121-exec-3] c.u.r.g.i.a.s.AppAccountServiceImpl      : AdminServiceImpl: registerApplicant method Started
2019-03-15 02:42:39.721  WARN 1059 --- [http-nio-2121-exec-3] c.u.r.g.i.a.controller.AdminController   : Registration failed:Target must not be null
2019-03-15 02:42:52.108  INFO 1059 --- [RMI TCP Connection(2)-127.0.0.1] inMXBeanRegistrar$SpringApplicationAdmin : Application shutdown requested.
2019-03-15 02:42:52.112  INFO 1059 --- [RMI TCP Connection(2)-127.0.0.1] o.s.s.concurrent.ThreadPoolTaskExecutor  : Shutting down ExecutorService 'applicationTaskExecutor'
2019-03-15 02:42:52.113  INFO 1059 --- [RMI TCP Connection(2)-127.0.0.1] j.LocalContainerEntityManagerFactoryBean : Closing JPA EntityManagerFactory for persistence unit 'default'
2019-03-15 02:42:52.116  INFO 1059 --- [RMI TCP Connection(2)-127.0.0.1] com.zaxxer.hikari.HikariDataSource       : HikariPool-1 - Shutdown initiated...
2019-03-15 02:42:52.126  INFO 1059 --- [RMI TCP Connection(2)-127.0.0.1] com.zaxxer.hikari.HikariDataSource       : HikariPool-1 - Shutdown completed.
2019-03-15 02:52:15.960  INFO 1086 --- [restartedMain] com.usa.ri.gov.ies.IesApplication        : Starting IesApplication on sodams-MacBook-Air.local with PID 1086 (/Users/sodampullareddy/ies/IES/target/classes started by sodampullareddy in /Users/sodampullareddy/ies/IES)
2019-03-15 02:52:15.964 DEBUG 1086 --- [restartedMain] com.usa.ri.gov.ies.IesApplication        : Running with Spring Boot v2.1.3.RELEASE, Spring v5.1.5.RELEASE
2019-03-15 02:52:15.965  INFO 1086 --- [restartedMain] com.usa.ri.gov.ies.IesApplication        : The following profiles are active: dev
2019-03-15 02:52:16.014  INFO 1086 --- [restartedMain] .e.DevToolsPropertyDefaultsPostProcessor : Devtools property defaults active! Set 'spring.devtools.add-properties' to 'false' to disable
2019-03-15 02:52:16.014  INFO 1086 --- [restartedMain] .e.DevToolsPropertyDefaultsPostProcessor : For additional web related logging consider setting the 'logging.level.web' property to 'DEBUG'
2019-03-15 02:52:17.042  INFO 1086 --- [restartedMain] .s.d.r.c.RepositoryConfigurationDelegate : Bootstrapping Spring Data repositories in DEFAULT mode.
2019-03-15 02:52:17.124  INFO 1086 --- [restartedMain] .s.d.r.c.RepositoryConfigurationDelegate : Finished Spring Data repository scanning in 74ms. Found 1 repository interfaces.
2019-03-15 02:52:17.620  INFO 1086 --- [restartedMain] trationDelegate$BeanPostProcessorChecker : Bean 'org.springframework.transaction.annotation.ProxyTransactionManagementConfiguration' of type [org.springframework.transaction.annotation.ProxyTransactionManagementConfiguration$$EnhancerBySpringCGLIB$$4ecc548e] is not eligible for getting processed by all BeanPostProcessors (for example: not eligible for auto-proxying)
2019-03-15 02:52:18.036  INFO 1086 --- [restartedMain] o.s.b.w.embedded.tomcat.TomcatWebServer  : Tomcat initialized with port(s): 2121 (http)
2019-03-15 02:52:18.060  INFO 1086 --- [restartedMain] o.apache.catalina.core.StandardService   : Starting service [Tomcat]
2019-03-15 02:52:18.060  INFO 1086 --- [restartedMain] org.apache.catalina.core.StandardEngine  : Starting Servlet engine: [Apache Tomcat/9.0.16]
2019-03-15 02:52:18.069  INFO 1086 --- [restartedMain] o.a.catalina.core.AprLifecycleListener   : The APR based Apache Tomcat Native library which allows optimal performance in production environments was not found on the java.library.path: [/Users/sodampullareddy/Library/Java/Extensions:/Library/Java/Extensions:/Network/Library/Java/Extensions:/System/Library/Java/Extensions:/usr/lib/java:.]
2019-03-15 02:52:18.337  INFO 1086 --- [restartedMain] org.apache.jasper.servlet.TldScanner     : At least one JAR was scanned for TLDs yet contained no TLDs. Enable debug logging for this logger for a complete list of JARs that were scanned but no TLDs were found in them. Skipping unneeded JARs during scanning can improve startup time and JSP compilation time.
2019-03-15 02:52:18.341  INFO 1086 --- [restartedMain] o.a.c.c.C.[Tomcat].[localhost].[/IES]    : Initializing Spring embedded WebApplicationContext
2019-03-15 02:52:18.342  INFO 1086 --- [restartedMain] o.s.web.context.ContextLoader            : Root WebApplicationContext: initialization completed in 2327 ms
2019-03-15 02:52:18.529  INFO 1086 --- [restartedMain] com.zaxxer.hikari.HikariDataSource       : HikariPool-1 - Starting...
2019-03-15 02:52:18.530  WARN 1086 --- [restartedMain] com.zaxxer.hikari.util.DriverDataSource  : Registered driver with driverClassName=com.mysql.jdbc.Driver was not found, trying direct instantiation.
2019-03-15 02:52:18.984  INFO 1086 --- [restartedMain] com.zaxxer.hikari.HikariDataSource       : HikariPool-1 - Start completed.
2019-03-15 02:52:19.027  INFO 1086 --- [restartedMain] o.hibernate.jpa.internal.util.LogHelper  : HHH000204: Processing PersistenceUnitInfo [
	name: default
	...]
2019-03-15 02:52:19.082  INFO 1086 --- [restartedMain] org.hibernate.Version                    : HHH000412: Hibernate Core {5.3.7.Final}
2019-03-15 02:52:19.084  INFO 1086 --- [restartedMain] org.hibernate.cfg.Environment            : HHH000206: hibernate.properties not found
2019-03-15 02:52:19.231  INFO 1086 --- [restartedMain] o.hibernate.annotations.common.Version   : HCANN000001: Hibernate Commons Annotations {5.0.4.Final}
2019-03-15 02:52:19.363  INFO 1086 --- [restartedMain] org.hibernate.dialect.Dialect            : HHH000400: Using dialect: org.hibernate.dialect.MySQL5Dialect
2019-03-15 02:52:19.960  INFO 1086 --- [restartedMain] j.LocalContainerEntityManagerFactoryBean : Initialized JPA EntityManagerFactory for persistence unit 'default'
2019-03-15 02:52:20.010  INFO 1086 --- [restartedMain] o.s.b.d.a.OptionalLiveReloadServer       : LiveReload server is running on port 35729
2019-03-15 02:52:20.489  INFO 1086 --- [restartedMain] o.s.s.concurrent.ThreadPoolTaskExecutor  : Initializing ExecutorService 'applicationTaskExecutor'
2019-03-15 02:52:20.527  WARN 1086 --- [restartedMain] aWebConfiguration$JpaWebMvcConfiguration : spring.jpa.open-in-view is enabled by default. Therefore, database queries may be performed during view rendering. Explicitly configure spring.jpa.open-in-view to disable this warning
2019-03-15 02:52:20.747  INFO 1086 --- [restartedMain] o.s.b.w.embedded.tomcat.TomcatWebServer  : Tomcat started on port(s): 2121 (http) with context path '/IES'
2019-03-15 02:52:20.750  INFO 1086 --- [restartedMain] com.usa.ri.gov.ies.IesApplication        : Started IesApplication in 5.245 seconds (JVM running for 6.159)
2019-03-15 02:52:35.616  INFO 1086 --- [http-nio-2121-exec-1] o.a.c.c.C.[Tomcat].[localhost].[/IES]    : Initializing Spring DispatcherServlet 'dispatcherServlet'
2019-03-15 02:52:35.617  INFO 1086 --- [http-nio-2121-exec-1] o.s.web.servlet.DispatcherServlet        : Initializing Servlet 'dispatcherServlet'
2019-03-15 02:52:35.629  INFO 1086 --- [http-nio-2121-exec-1] o.s.web.servlet.DispatcherServlet        : Completed initialization in 12 ms
2019-03-15 02:52:35.663 DEBUG 1086 --- [http-nio-2121-exec-1] c.u.r.g.i.a.controller.AdminController   : AdminController: appAccountRegForm Started
2019-03-15 02:52:35.663 DEBUG 1086 --- [http-nio-2121-exec-1] c.u.r.g.i.a.controller.AdminController   : AdminController: appAccountRegForm Ended
2019-03-15 02:52:35.663  INFO 1086 --- [http-nio-2121-exec-1] c.u.r.g.i.a.controller.AdminController   : AdminController: appAccountRegForm executed
2019-03-15 02:53:19.534 DEBUG 1086 --- [http-nio-2121-exec-2] c.u.r.g.i.a.s.AppAccountServiceImpl      : AdminServiceImpl: registerApplicant method Started
2019-03-15 02:53:19.537  WARN 1086 --- [http-nio-2121-exec-2] c.u.r.g.i.a.controller.AdminController   : Registration failed:Target must not be null
2019-03-15 02:54:33.246  INFO 1086 --- [Thread-5] o.s.s.concurrent.ThreadPoolTaskExecutor  : Shutting down ExecutorService 'applicationTaskExecutor'
2019-03-15 02:54:33.253  INFO 1086 --- [Thread-5] j.LocalContainerEntityManagerFactoryBean : Closing JPA EntityManagerFactory for persistence unit 'default'
2019-03-15 02:54:33.277  INFO 1086 --- [Thread-5] com.zaxxer.hikari.HikariDataSource       : HikariPool-1 - Shutdown initiated...
2019-03-15 02:54:33.305  INFO 1086 --- [Thread-5] com.zaxxer.hikari.HikariDataSource       : HikariPool-1 - Shutdown completed.
2019-03-15 02:54:34.417  INFO 1086 --- [restartedMain] com.usa.ri.gov.ies.IesApplication        : Starting IesApplication on sodams-MacBook-Air.local with PID 1086 (/Users/sodampullareddy/ies/IES/target/classes started by sodampullareddy in /Users/sodampullareddy/ies/IES)
2019-03-15 02:54:34.418 DEBUG 1086 --- [restartedMain] com.usa.ri.gov.ies.IesApplication        : Running with Spring Boot v2.1.3.RELEASE, Spring v5.1.5.RELEASE
2019-03-15 02:54:34.418  INFO 1086 --- [restartedMain] com.usa.ri.gov.ies.IesApplication        : The following profiles are active: dev
2019-03-15 02:54:34.850  INFO 1086 --- [restartedMain] .s.d.r.c.RepositoryConfigurationDelegate : Bootstrapping Spring Data repositories in DEFAULT mode.
2019-03-15 02:54:34.867  INFO 1086 --- [restartedMain] .s.d.r.c.RepositoryConfigurationDelegate : Finished Spring Data repository scanning in 17ms. Found 1 repository interfaces.
2019-03-15 02:54:34.975  INFO 1086 --- [restartedMain] trationDelegate$BeanPostProcessorChecker : Bean 'org.springframework.transaction.annotation.ProxyTransactionManagementConfiguration' of type [org.springframework.transaction.annotation.ProxyTransactionManagementConfiguration$$EnhancerBySpringCGLIB$$4ecc548e] is not eligible for getting processed by all BeanPostProcessors (for example: not eligible for auto-proxying)
2019-03-15 02:54:35.244  INFO 1086 --- [restartedMain] o.s.b.w.embedded.tomcat.TomcatWebServer  : Tomcat initialized with port(s): 2121 (http)
2019-03-15 02:54:35.246  INFO 1086 --- [restartedMain] o.apache.catalina.core.StandardService   : Starting service [Tomcat]
2019-03-15 02:54:35.247  INFO 1086 --- [restartedMain] org.apache.catalina.core.StandardEngine  : Starting Servlet engine: [Apache Tomcat/9.0.16]
2019-03-15 02:54:35.484  INFO 1086 --- [restartedMain] org.apache.jasper.servlet.TldScanner     : At least one JAR was scanned for TLDs yet contained no TLDs. Enable debug logging for this logger for a complete list of JARs that were scanned but no TLDs were found in them. Skipping unneeded JARs during scanning can improve startup time and JSP compilation time.
2019-03-15 02:54:35.486  INFO 1086 --- [restartedMain] o.a.c.c.C.[Tomcat].[localhost].[/IES]    : Initializing Spring embedded WebApplicationContext
2019-03-15 02:54:35.486  INFO 1086 --- [restartedMain] o.s.web.context.ContextLoader            : Root WebApplicationContext: initialization completed in 1063 ms
2019-03-15 02:54:35.576  INFO 1086 --- [restartedMain] com.zaxxer.hikari.HikariDataSource       : HikariPool-2 - Starting...
2019-03-15 02:54:35.577  WARN 1086 --- [restartedMain] com.zaxxer.hikari.util.DriverDataSource  : Registered driver with driverClassName=com.mysql.jdbc.Driver was not found, trying direct instantiation.
2019-03-15 02:54:35.628  INFO 1086 --- [restartedMain] com.zaxxer.hikari.HikariDataSource       : HikariPool-2 - Start completed.
2019-03-15 02:54:35.643  INFO 1086 --- [restartedMain] o.hibernate.jpa.internal.util.LogHelper  : HHH000204: Processing PersistenceUnitInfo [
	name: default
	...]
2019-03-15 02:54:35.661  INFO 1086 --- [restartedMain] org.hibernate.dialect.Dialect            : HHH000400: Using dialect: org.hibernate.dialect.MySQL5Dialect
2019-03-15 02:54:35.795  INFO 1086 --- [restartedMain] j.LocalContainerEntityManagerFactoryBean : Initialized JPA EntityManagerFactory for persistence unit 'default'
2019-03-15 02:54:35.837  INFO 1086 --- [restartedMain] o.s.b.d.a.OptionalLiveReloadServer       : LiveReload server is running on port 35729
2019-03-15 02:54:36.083  INFO 1086 --- [restartedMain] o.s.s.concurrent.ThreadPoolTaskExecutor  : Initializing ExecutorService 'applicationTaskExecutor'
2019-03-15 02:54:36.092  WARN 1086 --- [restartedMain] aWebConfiguration$JpaWebMvcConfiguration : spring.jpa.open-in-view is enabled by default. Therefore, database queries may be performed during view rendering. Explicitly configure spring.jpa.open-in-view to disable this warning
2019-03-15 02:54:36.218  INFO 1086 --- [restartedMain] o.s.b.w.embedded.tomcat.TomcatWebServer  : Tomcat started on port(s): 2121 (http) with context path '/IES'
2019-03-15 02:54:36.219  INFO 1086 --- [restartedMain] com.usa.ri.gov.ies.IesApplication        : Started IesApplication in 1.899 seconds (JVM running for 141.621)
2019-03-15 02:54:36.225  INFO 1086 --- [restartedMain] .ConditionEvaluationDeltaLoggingListener : Condition evaluation unchanged
2019-03-15 02:54:43.385  INFO 1086 --- [http-nio-2121-exec-1] o.a.c.c.C.[Tomcat].[localhost].[/IES]    : Initializing Spring DispatcherServlet 'dispatcherServlet'
2019-03-15 02:54:43.390  INFO 1086 --- [http-nio-2121-exec-1] o.s.web.servlet.DispatcherServlet        : Initializing Servlet 'dispatcherServlet'
2019-03-15 02:54:43.400  INFO 1086 --- [http-nio-2121-exec-1] o.s.web.servlet.DispatcherServlet        : Completed initialization in 10 ms
2019-03-15 02:54:43.404 DEBUG 1086 --- [http-nio-2121-exec-1] c.u.r.g.i.a.controller.AdminController   : AdminController: appAccountRegForm Started
2019-03-15 02:54:43.405 DEBUG 1086 --- [http-nio-2121-exec-1] c.u.r.g.i.a.controller.AdminController   : AdminController: appAccountRegForm Ended
2019-03-15 02:54:43.405  INFO 1086 --- [http-nio-2121-exec-1] c.u.r.g.i.a.controller.AdminController   : AdminController: appAccountRegForm executed
2019-03-15 02:55:40.188  INFO 1086 --- [Thread-10] o.s.s.concurrent.ThreadPoolTaskExecutor  : Shutting down ExecutorService 'applicationTaskExecutor'
2019-03-15 02:55:40.192  INFO 1086 --- [Thread-10] j.LocalContainerEntityManagerFactoryBean : Closing JPA EntityManagerFactory for persistence unit 'default'
2019-03-15 02:55:40.197  INFO 1086 --- [Thread-10] com.zaxxer.hikari.HikariDataSource       : HikariPool-2 - Shutdown initiated...
2019-03-15 02:55:40.215  INFO 1086 --- [Thread-10] com.zaxxer.hikari.HikariDataSource       : HikariPool-2 - Shutdown completed.
2019-03-15 02:55:41.087  INFO 1086 --- [restartedMain] com.usa.ri.gov.ies.IesApplication        : Starting IesApplication on sodams-MacBook-Air.local with PID 1086 (/Users/sodampullareddy/ies/IES/target/classes started by sodampullareddy in /Users/sodampullareddy/ies/IES)
2019-03-15 02:55:41.088 DEBUG 1086 --- [restartedMain] com.usa.ri.gov.ies.IesApplication        : Running with Spring Boot v2.1.3.RELEASE, Spring v5.1.5.RELEASE
2019-03-15 02:55:41.088  INFO 1086 --- [restartedMain] com.usa.ri.gov.ies.IesApplication        : The following profiles are active: dev
2019-03-15 02:55:41.486  INFO 1086 --- [restartedMain] .s.d.r.c.RepositoryConfigurationDelegate : Bootstrapping Spring Data repositories in DEFAULT mode.
2019-03-15 02:55:41.507  INFO 1086 --- [restartedMain] .s.d.r.c.RepositoryConfigurationDelegate : Finished Spring Data repository scanning in 21ms. Found 1 repository interfaces.
2019-03-15 02:55:41.606  INFO 1086 --- [restartedMain] trationDelegate$BeanPostProcessorChecker : Bean 'org.springframework.transaction.annotation.ProxyTransactionManagementConfiguration' of type [org.springframework.transaction.annotation.ProxyTransactionManagementConfiguration$$EnhancerBySpringCGLIB$$4ecc548e] is not eligible for getting processed by all BeanPostProcessors (for example: not eligible for auto-proxying)
2019-03-15 02:55:41.818  INFO 1086 --- [restartedMain] o.s.b.w.embedded.tomcat.TomcatWebServer  : Tomcat initialized with port(s): 2121 (http)
2019-03-15 02:55:41.821  INFO 1086 --- [restartedMain] o.apache.catalina.core.StandardService   : Starting service [Tomcat]
2019-03-15 02:55:41.821  INFO 1086 --- [restartedMain] org.apache.catalina.core.StandardEngine  : Starting Servlet engine: [Apache Tomcat/9.0.16]
2019-03-15 02:55:41.992  INFO 1086 --- [restartedMain] org.apache.jasper.servlet.TldScanner     : At least one JAR was scanned for TLDs yet contained no TLDs. Enable debug logging for this logger for a complete list of JARs that were scanned but no TLDs were found in them. Skipping unneeded JARs during scanning can improve startup time and JSP compilation time.
2019-03-15 02:55:41.994  INFO 1086 --- [restartedMain] o.a.c.c.C.[Tomcat].[localhost].[/IES]    : Initializing Spring embedded WebApplicationContext
2019-03-15 02:55:41.994  INFO 1086 --- [restartedMain] o.s.web.context.ContextLoader            : Root WebApplicationContext: initialization completed in 903 ms
2019-03-15 02:55:42.061  INFO 1086 --- [restartedMain] com.zaxxer.hikari.HikariDataSource       : HikariPool-3 - Starting...
2019-03-15 02:55:42.061  WARN 1086 --- [restartedMain] com.zaxxer.hikari.util.DriverDataSource  : Registered driver with driverClassName=com.mysql.jdbc.Driver was not found, trying direct instantiation.
2019-03-15 02:55:42.099  INFO 1086 --- [restartedMain] com.zaxxer.hikari.HikariDataSource       : HikariPool-3 - Start completed.
2019-03-15 02:55:42.106  INFO 1086 --- [restartedMain] o.hibernate.jpa.internal.util.LogHelper  : HHH000204: Processing PersistenceUnitInfo [
	name: default
	...]
2019-03-15 02:55:42.118  INFO 1086 --- [restartedMain] org.hibernate.dialect.Dialect            : HHH000400: Using dialect: org.hibernate.dialect.MySQL5Dialect
2019-03-15 02:55:42.200  INFO 1086 --- [restartedMain] j.LocalContainerEntityManagerFactoryBean : Initialized JPA EntityManagerFactory for persistence unit 'default'
2019-03-15 02:55:42.233  INFO 1086 --- [restartedMain] o.s.b.d.a.OptionalLiveReloadServer       : LiveReload server is running on port 35729
2019-03-15 02:55:42.406  INFO 1086 --- [restartedMain] o.s.s.concurrent.ThreadPoolTaskExecutor  : Initializing ExecutorService 'applicationTaskExecutor'
2019-03-15 02:55:42.415  WARN 1086 --- [restartedMain] aWebConfiguration$JpaWebMvcConfiguration : spring.jpa.open-in-view is enabled by default. Therefore, database queries may be performed during view rendering. Explicitly configure spring.jpa.open-in-view to disable this warning
2019-03-15 02:55:42.516  INFO 1086 --- [restartedMain] o.s.b.w.embedded.tomcat.TomcatWebServer  : Tomcat started on port(s): 2121 (http) with context path '/IES'
2019-03-15 02:55:42.517  INFO 1086 --- [restartedMain] com.usa.ri.gov.ies.IesApplication        : Started IesApplication in 1.652 seconds (JVM running for 207.917)
2019-03-15 02:55:42.520  INFO 1086 --- [restartedMain] .ConditionEvaluationDeltaLoggingListener : Condition evaluation unchanged
2019-03-15 02:55:47.359  INFO 1086 --- [http-nio-2121-exec-1] o.a.c.c.C.[Tomcat].[localhost].[/IES]    : Initializing Spring DispatcherServlet 'dispatcherServlet'
2019-03-15 02:55:47.360  INFO 1086 --- [http-nio-2121-exec-1] o.s.web.servlet.DispatcherServlet        : Initializing Servlet 'dispatcherServlet'
2019-03-15 02:55:47.364  INFO 1086 --- [http-nio-2121-exec-1] o.s.web.servlet.DispatcherServlet        : Completed initialization in 4 ms
2019-03-15 02:55:47.367 DEBUG 1086 --- [http-nio-2121-exec-1] c.u.r.g.i.a.controller.AdminController   : AdminController: appAccountRegForm Started
2019-03-15 02:55:47.368 DEBUG 1086 --- [http-nio-2121-exec-1] c.u.r.g.i.a.controller.AdminController   : AdminController: appAccountRegForm Ended
2019-03-15 02:55:47.368  INFO 1086 --- [http-nio-2121-exec-1] c.u.r.g.i.a.controller.AdminController   : AdminController: appAccountRegForm executed
2019-03-15 02:57:30.652  INFO 1135 --- [restartedMain] com.usa.ri.gov.ies.IesApplication        : Starting IesApplication on sodams-MacBook-Air.local with PID 1135 (/Users/sodampullareddy/ies/IES/target/classes started by sodampullareddy in /Users/sodampullareddy/ies/IES)
2019-03-15 02:57:30.654 DEBUG 1135 --- [restartedMain] com.usa.ri.gov.ies.IesApplication        : Running with Spring Boot v2.1.3.RELEASE, Spring v5.1.5.RELEASE
2019-03-15 02:57:30.654  INFO 1135 --- [restartedMain] com.usa.ri.gov.ies.IesApplication        : The following profiles are active: dev
2019-03-15 02:57:30.703  INFO 1135 --- [restartedMain] .e.DevToolsPropertyDefaultsPostProcessor : Devtools property defaults active! Set 'spring.devtools.add-properties' to 'false' to disable
2019-03-15 02:57:30.703  INFO 1135 --- [restartedMain] .e.DevToolsPropertyDefaultsPostProcessor : For additional web related logging consider setting the 'logging.level.web' property to 'DEBUG'
2019-03-15 02:57:31.633  INFO 1135 --- [restartedMain] .s.d.r.c.RepositoryConfigurationDelegate : Bootstrapping Spring Data repositories in DEFAULT mode.
2019-03-15 02:57:31.704  INFO 1135 --- [restartedMain] .s.d.r.c.RepositoryConfigurationDelegate : Finished Spring Data repository scanning in 64ms. Found 1 repository interfaces.
2019-03-15 02:57:32.115  INFO 1135 --- [restartedMain] trationDelegate$BeanPostProcessorChecker : Bean 'org.springframework.transaction.annotation.ProxyTransactionManagementConfiguration' of type [org.springframework.transaction.annotation.ProxyTransactionManagementConfiguration$$EnhancerBySpringCGLIB$$234864f5] is not eligible for getting processed by all BeanPostProcessors (for example: not eligible for auto-proxying)
2019-03-15 02:57:32.501  INFO 1135 --- [restartedMain] o.s.b.w.embedded.tomcat.TomcatWebServer  : Tomcat initialized with port(s): 2121 (http)
2019-03-15 02:57:32.524  INFO 1135 --- [restartedMain] o.apache.catalina.core.StandardService   : Starting service [Tomcat]
2019-03-15 02:57:32.525  INFO 1135 --- [restartedMain] org.apache.catalina.core.StandardEngine  : Starting Servlet engine: [Apache Tomcat/9.0.16]
2019-03-15 02:57:32.533  INFO 1135 --- [restartedMain] o.a.catalina.core.AprLifecycleListener   : The APR based Apache Tomcat Native library which allows optimal performance in production environments was not found on the java.library.path: [/Users/sodampullareddy/Library/Java/Extensions:/Library/Java/Extensions:/Network/Library/Java/Extensions:/System/Library/Java/Extensions:/usr/lib/java:.]
2019-03-15 02:57:32.830  INFO 1135 --- [restartedMain] org.apache.jasper.servlet.TldScanner     : At least one JAR was scanned for TLDs yet contained no TLDs. Enable debug logging for this logger for a complete list of JARs that were scanned but no TLDs were found in them. Skipping unneeded JARs during scanning can improve startup time and JSP compilation time.
2019-03-15 02:57:32.835  INFO 1135 --- [restartedMain] o.a.c.c.C.[Tomcat].[localhost].[/IES]    : Initializing Spring embedded WebApplicationContext
2019-03-15 02:57:32.835  INFO 1135 --- [restartedMain] o.s.web.context.ContextLoader            : Root WebApplicationContext: initialization completed in 2131 ms
2019-03-15 02:57:33.038  INFO 1135 --- [restartedMain] com.zaxxer.hikari.HikariDataSource       : HikariPool-1 - Starting...
2019-03-15 02:57:33.040  WARN 1135 --- [restartedMain] com.zaxxer.hikari.util.DriverDataSource  : Registered driver with driverClassName=com.mysql.jdbc.Driver was not found, trying direct instantiation.
2019-03-15 02:57:33.586  INFO 1135 --- [restartedMain] com.zaxxer.hikari.HikariDataSource       : HikariPool-1 - Start completed.
2019-03-15 02:57:33.633  INFO 1135 --- [restartedMain] o.hibernate.jpa.internal.util.LogHelper  : HHH000204: Processing PersistenceUnitInfo [
	name: default
	...]
2019-03-15 02:57:33.684  INFO 1135 --- [restartedMain] org.hibernate.Version                    : HHH000412: Hibernate Core {5.3.7.Final}
2019-03-15 02:57:33.685  INFO 1135 --- [restartedMain] org.hibernate.cfg.Environment            : HHH000206: hibernate.properties not found
2019-03-15 02:57:33.839  INFO 1135 --- [restartedMain] o.hibernate.annotations.common.Version   : HCANN000001: Hibernate Commons Annotations {5.0.4.Final}
2019-03-15 02:57:33.978  INFO 1135 --- [restartedMain] org.hibernate.dialect.Dialect            : HHH000400: Using dialect: org.hibernate.dialect.MySQL5Dialect
2019-03-15 02:57:34.621  INFO 1135 --- [restartedMain] j.LocalContainerEntityManagerFactoryBean : Initialized JPA EntityManagerFactory for persistence unit 'default'
2019-03-15 02:57:34.663  WARN 1135 --- [restartedMain] o.s.b.d.a.OptionalLiveReloadServer       : Unable to start LiveReload server
2019-03-15 02:57:35.170  INFO 1135 --- [restartedMain] o.s.s.concurrent.ThreadPoolTaskExecutor  : Initializing ExecutorService 'applicationTaskExecutor'
2019-03-15 02:57:35.205  WARN 1135 --- [restartedMain] aWebConfiguration$JpaWebMvcConfiguration : spring.jpa.open-in-view is enabled by default. Therefore, database queries may be performed during view rendering. Explicitly configure spring.jpa.open-in-view to disable this warning
2019-03-15 02:57:35.421 ERROR 1135 --- [restartedMain] org.apache.catalina.util.LifecycleBase   : Failed to start component [Connector[HTTP/1.1-2121]]

org.apache.catalina.LifecycleException: Protocol handler start failed
	at org.apache.catalina.connector.Connector.startInternal(Connector.java:1008) ~[tomcat-embed-core-9.0.16.jar:9.0.16]
	at org.apache.catalina.util.LifecycleBase.start(LifecycleBase.java:183) ~[tomcat-embed-core-9.0.16.jar:9.0.16]
	at org.apache.catalina.core.StandardService.addConnector(StandardService.java:226) [tomcat-embed-core-9.0.16.jar:9.0.16]
	at org.springframework.boot.web.embedded.tomcat.TomcatWebServer.addPreviouslyRemovedConnectors(TomcatWebServer.java:259) [spring-boot-2.1.3.RELEASE.jar:2.1.3.RELEASE]
	at org.springframework.boot.web.embedded.tomcat.TomcatWebServer.start(TomcatWebServer.java:197) [spring-boot-2.1.3.RELEASE.jar:2.1.3.RELEASE]
	at org.springframework.boot.web.servlet.context.ServletWebServerApplicationContext.startWebServer(ServletWebServerApplicationContext.java:311) [spring-boot-2.1.3.RELEASE.jar:2.1.3.RELEASE]
	at org.springframework.boot.web.servlet.context.ServletWebServerApplicationContext.finishRefresh(ServletWebServerApplicationContext.java:164) [spring-boot-2.1.3.RELEASE.jar:2.1.3.RELEASE]
	at org.springframework.context.support.AbstractApplicationContext.refresh(AbstractApplicationContext.java:552) [spring-context-5.1.5.RELEASE.jar:5.1.5.RELEASE]
	at org.springframework.boot.web.servlet.context.ServletWebServerApplicationContext.refresh(ServletWebServerApplicationContext.java:142) [spring-boot-2.1.3.RELEASE.jar:2.1.3.RELEASE]
	at org.springframework.boot.SpringApplication.refresh(SpringApplication.java:775) [spring-boot-2.1.3.RELEASE.jar:2.1.3.RELEASE]
	at org.springframework.boot.SpringApplication.refreshContext(SpringApplication.java:397) [spring-boot-2.1.3.RELEASE.jar:2.1.3.RELEASE]
	at org.springframework.boot.SpringApplication.run(SpringApplication.java:316) [spring-boot-2.1.3.RELEASE.jar:2.1.3.RELEASE]
	at org.springframework.boot.SpringApplication.run(SpringApplication.java:1260) [spring-boot-2.1.3.RELEASE.jar:2.1.3.RELEASE]
	at org.springframework.boot.SpringApplication.run(SpringApplication.java:1248) [spring-boot-2.1.3.RELEASE.jar:2.1.3.RELEASE]
	at com.usa.ri.gov.ies.IesApplication.main(IesApplication.java:9) [classes/:na]
	at sun.reflect.NativeMethodAccessorImpl.invoke0(Native Method) ~[na:1.8.0_60]
	at sun.reflect.NativeMethodAccessorImpl.invoke(NativeMethodAccessorImpl.java:62) ~[na:1.8.0_60]
	at sun.reflect.DelegatingMethodAccessorImpl.invoke(DelegatingMethodAccessorImpl.java:43) ~[na:1.8.0_60]
	at java.lang.reflect.Method.invoke(Method.java:497) ~[na:1.8.0_60]
	at org.springframework.boot.devtools.restart.RestartLauncher.run(RestartLauncher.java:49) [spring-boot-devtools-2.1.3.RELEASE.jar:2.1.3.RELEASE]
Caused by: java.net.BindException: Address already in use
	at sun.nio.ch.Net.bind0(Native Method) ~[na:1.8.0_60]
	at sun.nio.ch.Net.bind(Net.java:433) ~[na:1.8.0_60]
	at sun.nio.ch.Net.bind(Net.java:425) ~[na:1.8.0_60]
	at sun.nio.ch.ServerSocketChannelImpl.bind(ServerSocketChannelImpl.java:223) ~[na:1.8.0_60]
	at sun.nio.ch.ServerSocketAdaptor.bind(ServerSocketAdaptor.java:74) ~[na:1.8.0_60]
	at org.apache.tomcat.util.net.NioEndpoint.initServerSocket(NioEndpoint.java:236) ~[tomcat-embed-core-9.0.16.jar:9.0.16]
	at org.apache.tomcat.util.net.NioEndpoint.bind(NioEndpoint.java:210) ~[tomcat-embed-core-9.0.16.jar:9.0.16]
	at org.apache.tomcat.util.net.AbstractEndpoint.bindWithCleanup(AbstractEndpoint.java:1085) ~[tomcat-embed-core-9.0.16.jar:9.0.16]
	at org.apache.tomcat.util.net.AbstractEndpoint.start(AbstractEndpoint.java:1171) ~[tomcat-embed-core-9.0.16.jar:9.0.16]
	at org.apache.coyote.AbstractProtocol.start(AbstractProtocol.java:568) ~[tomcat-embed-core-9.0.16.jar:9.0.16]
	at org.apache.catalina.connector.Connector.startInternal(Connector.java:1005) ~[tomcat-embed-core-9.0.16.jar:9.0.16]
	... 19 common frames omitted

2019-03-15 02:57:35.445  INFO 1135 --- [restartedMain] o.apache.catalina.core.StandardService   : Stopping service [Tomcat]
2019-03-15 02:57:35.455  INFO 1135 --- [restartedMain] ConditionEvaluationReportLoggingListener : 

Error starting ApplicationContext. To display the conditions report re-run your application with 'debug' enabled.
2019-03-15 02:57:35.460 ERROR 1135 --- [restartedMain] o.s.b.d.LoggingFailureAnalysisReporter   : 

***************************
APPLICATION FAILED TO START
***************************

Description:

The Tomcat connector configured to listen on port 2121 failed to start. The port may already be in use or the connector may be misconfigured.

Action:

Verify the connector's configuration, identify and stop any process that's listening on port 2121, or configure this application to listen on another port.

2019-03-15 02:57:35.463  INFO 1135 --- [restartedMain] o.s.s.concurrent.ThreadPoolTaskExecutor  : Shutting down ExecutorService 'applicationTaskExecutor'
2019-03-15 02:57:35.464  INFO 1135 --- [restartedMain] j.LocalContainerEntityManagerFactoryBean : Closing JPA EntityManagerFactory for persistence unit 'default'
2019-03-15 02:57:35.467  INFO 1135 --- [restartedMain] com.zaxxer.hikari.HikariDataSource       : HikariPool-1 - Shutdown initiated...
2019-03-15 02:57:35.473  INFO 1135 --- [restartedMain] com.zaxxer.hikari.HikariDataSource       : HikariPool-1 - Shutdown completed.
2019-03-15 02:57:50.028 DEBUG 1086 --- [http-nio-2121-exec-3] c.u.r.g.i.a.controller.AdminController   : AdminController: appAccountRegForm Started
2019-03-15 02:57:50.031 DEBUG 1086 --- [http-nio-2121-exec-3] c.u.r.g.i.a.controller.AdminController   : AdminController: appAccountRegForm Ended
2019-03-15 02:57:50.031  INFO 1086 --- [http-nio-2121-exec-3] c.u.r.g.i.a.controller.AdminController   : AdminController: appAccountRegForm executed
2019-03-15 02:58:04.949  INFO 1086 --- [RMI TCP Connection(2)-127.0.0.1] inMXBeanRegistrar$SpringApplicationAdmin : Application shutdown requested.
2019-03-15 02:58:04.966  INFO 1086 --- [RMI TCP Connection(2)-127.0.0.1] o.s.s.concurrent.ThreadPoolTaskExecutor  : Shutting down ExecutorService 'applicationTaskExecutor'
2019-03-15 02:58:04.967  INFO 1086 --- [RMI TCP Connection(2)-127.0.0.1] j.LocalContainerEntityManagerFactoryBean : Closing JPA EntityManagerFactory for persistence unit 'default'
2019-03-15 02:58:04.971  INFO 1086 --- [RMI TCP Connection(2)-127.0.0.1] com.zaxxer.hikari.HikariDataSource       : HikariPool-3 - Shutdown initiated...
2019-03-15 02:58:04.985  INFO 1086 --- [RMI TCP Connection(2)-127.0.0.1] com.zaxxer.hikari.HikariDataSource       : HikariPool-3 - Shutdown completed.
2019-03-15 02:58:19.578  INFO 1137 --- [restartedMain] com.usa.ri.gov.ies.IesApplication        : Starting IesApplication on sodams-MacBook-Air.local with PID 1137 (/Users/sodampullareddy/ies/IES/target/classes started by sodampullareddy in /Users/sodampullareddy/ies/IES)
2019-03-15 02:58:19.580 DEBUG 1137 --- [restartedMain] com.usa.ri.gov.ies.IesApplication        : Running with Spring Boot v2.1.3.RELEASE, Spring v5.1.5.RELEASE
2019-03-15 02:58:19.580  INFO 1137 --- [restartedMain] com.usa.ri.gov.ies.IesApplication        : The following profiles are active: dev
2019-03-15 02:58:19.628  INFO 1137 --- [restartedMain] .e.DevToolsPropertyDefaultsPostProcessor : Devtools property defaults active! Set 'spring.devtools.add-properties' to 'false' to disable
2019-03-15 02:58:19.629  INFO 1137 --- [restartedMain] .e.DevToolsPropertyDefaultsPostProcessor : For additional web related logging consider setting the 'logging.level.web' property to 'DEBUG'
2019-03-15 02:58:20.452  INFO 1137 --- [restartedMain] .s.d.r.c.RepositoryConfigurationDelegate : Bootstrapping Spring Data repositories in DEFAULT mode.
2019-03-15 02:58:20.528  INFO 1137 --- [restartedMain] .s.d.r.c.RepositoryConfigurationDelegate : Finished Spring Data repository scanning in 69ms. Found 1 repository interfaces.
2019-03-15 02:58:20.931  INFO 1137 --- [restartedMain] trationDelegate$BeanPostProcessorChecker : Bean 'org.springframework.transaction.annotation.ProxyTransactionManagementConfiguration' of type [org.springframework.transaction.annotation.ProxyTransactionManagementConfiguration$$EnhancerBySpringCGLIB$$dbebfcdb] is not eligible for getting processed by all BeanPostProcessors (for example: not eligible for auto-proxying)
2019-03-15 02:58:21.317  INFO 1137 --- [restartedMain] o.s.b.w.embedded.tomcat.TomcatWebServer  : Tomcat initialized with port(s): 2121 (http)
2019-03-15 02:58:21.339  INFO 1137 --- [restartedMain] o.apache.catalina.core.StandardService   : Starting service [Tomcat]
2019-03-15 02:58:21.340  INFO 1137 --- [restartedMain] org.apache.catalina.core.StandardEngine  : Starting Servlet engine: [Apache Tomcat/9.0.16]
2019-03-15 02:58:21.347  INFO 1137 --- [restartedMain] o.a.catalina.core.AprLifecycleListener   : The APR based Apache Tomcat Native library which allows optimal performance in production environments was not found on the java.library.path: [/Users/sodampullareddy/Library/Java/Extensions:/Library/Java/Extensions:/Network/Library/Java/Extensions:/System/Library/Java/Extensions:/usr/lib/java:.]
2019-03-15 02:58:21.607  INFO 1137 --- [restartedMain] org.apache.jasper.servlet.TldScanner     : At least one JAR was scanned for TLDs yet contained no TLDs. Enable debug logging for this logger for a complete list of JARs that were scanned but no TLDs were found in them. Skipping unneeded JARs during scanning can improve startup time and JSP compilation time.
2019-03-15 02:58:21.611  INFO 1137 --- [restartedMain] o.a.c.c.C.[Tomcat].[localhost].[/IES]    : Initializing Spring embedded WebApplicationContext
2019-03-15 02:58:21.612  INFO 1137 --- [restartedMain] o.s.web.context.ContextLoader            : Root WebApplicationContext: initialization completed in 1983 ms
2019-03-15 02:58:21.792  INFO 1137 --- [restartedMain] com.zaxxer.hikari.HikariDataSource       : HikariPool-1 - Starting...
2019-03-15 02:58:21.794  WARN 1137 --- [restartedMain] com.zaxxer.hikari.util.DriverDataSource  : Registered driver with driverClassName=com.mysql.jdbc.Driver was not found, trying direct instantiation.
2019-03-15 02:58:22.222  INFO 1137 --- [restartedMain] com.zaxxer.hikari.HikariDataSource       : HikariPool-1 - Start completed.
2019-03-15 02:58:22.268  INFO 1137 --- [restartedMain] o.hibernate.jpa.internal.util.LogHelper  : HHH000204: Processing PersistenceUnitInfo [
	name: default
	...]
2019-03-15 02:58:22.323  INFO 1137 --- [restartedMain] org.hibernate.Version                    : HHH000412: Hibernate Core {5.3.7.Final}
2019-03-15 02:58:22.326  INFO 1137 --- [restartedMain] org.hibernate.cfg.Environment            : HHH000206: hibernate.properties not found
2019-03-15 02:58:22.487  INFO 1137 --- [restartedMain] o.hibernate.annotations.common.Version   : HCANN000001: Hibernate Commons Annotations {5.0.4.Final}
2019-03-15 02:58:22.607  INFO 1137 --- [restartedMain] org.hibernate.dialect.Dialect            : HHH000400: Using dialect: org.hibernate.dialect.MySQL5Dialect
2019-03-15 02:58:23.204  INFO 1137 --- [restartedMain] j.LocalContainerEntityManagerFactoryBean : Initialized JPA EntityManagerFactory for persistence unit 'default'
2019-03-15 02:58:23.250  INFO 1137 --- [restartedMain] o.s.b.d.a.OptionalLiveReloadServer       : LiveReload server is running on port 35729
2019-03-15 02:58:23.744  INFO 1137 --- [restartedMain] o.s.s.concurrent.ThreadPoolTaskExecutor  : Initializing ExecutorService 'applicationTaskExecutor'
2019-03-15 02:58:23.777  WARN 1137 --- [restartedMain] aWebConfiguration$JpaWebMvcConfiguration : spring.jpa.open-in-view is enabled by default. Therefore, database queries may be performed during view rendering. Explicitly configure spring.jpa.open-in-view to disable this warning
2019-03-15 02:58:23.998  INFO 1137 --- [restartedMain] o.s.b.w.embedded.tomcat.TomcatWebServer  : Tomcat started on port(s): 2121 (http) with context path '/IES'
2019-03-15 02:58:24.002  INFO 1137 --- [restartedMain] com.usa.ri.gov.ies.IesApplication        : Started IesApplication in 4.839 seconds (JVM running for 5.578)
2019-03-15 02:58:33.735  INFO 1137 --- [http-nio-2121-exec-1] o.a.c.c.C.[Tomcat].[localhost].[/IES]    : Initializing Spring DispatcherServlet 'dispatcherServlet'
2019-03-15 02:58:33.736  INFO 1137 --- [http-nio-2121-exec-1] o.s.web.servlet.DispatcherServlet        : Initializing Servlet 'dispatcherServlet'
2019-03-15 02:58:33.745  INFO 1137 --- [http-nio-2121-exec-1] o.s.web.servlet.DispatcherServlet        : Completed initialization in 9 ms
2019-03-15 02:58:33.774 DEBUG 1137 --- [http-nio-2121-exec-1] c.u.r.g.i.a.controller.AdminController   : AdminController: appAccountRegForm Started
2019-03-15 02:58:33.774 DEBUG 1137 --- [http-nio-2121-exec-1] c.u.r.g.i.a.controller.AdminController   : AdminController: appAccountRegForm Ended
2019-03-15 02:58:33.774  INFO 1137 --- [http-nio-2121-exec-1] c.u.r.g.i.a.controller.AdminController   : AdminController: appAccountRegForm executed
2019-03-15 02:59:34.310  INFO 1137 --- [RMI TCP Connection(2)-127.0.0.1] inMXBeanRegistrar$SpringApplicationAdmin : Application shutdown requested.
2019-03-15 02:59:34.314  INFO 1137 --- [RMI TCP Connection(2)-127.0.0.1] o.s.s.concurrent.ThreadPoolTaskExecutor  : Shutting down ExecutorService 'applicationTaskExecutor'
2019-03-15 02:59:34.315  INFO 1137 --- [RMI TCP Connection(2)-127.0.0.1] j.LocalContainerEntityManagerFactoryBean : Closing JPA EntityManagerFactory for persistence unit 'default'
2019-03-15 02:59:34.318  INFO 1137 --- [RMI TCP Connection(2)-127.0.0.1] com.zaxxer.hikari.HikariDataSource       : HikariPool-1 - Shutdown initiated...
2019-03-15 02:59:34.324  INFO 1137 --- [RMI TCP Connection(2)-127.0.0.1] com.zaxxer.hikari.HikariDataSource       : HikariPool-1 - Shutdown completed.
